ARM GAS  /tmp/ccGejEbU.s 			page 1


   1              		.cpu cortex-m0
   2              		.arch armv6s-m
   3              		.fpu softvfp
   4              		.eabi_attribute 20, 1
   5              		.eabi_attribute 21, 1
   6              		.eabi_attribute 23, 3
   7              		.eabi_attribute 24, 1
   8              		.eabi_attribute 25, 1
   9              		.eabi_attribute 26, 1
  10              		.eabi_attribute 30, 1
  11              		.eabi_attribute 34, 0
  12              		.eabi_attribute 18, 4
  13              		.file	"gpio.c"
  14              		.text
  15              	.Ltext0:
  16              		.cfi_sections	.debug_frame
  17              		.file 1 "Core/Src/gpio.c"
  18              		.section	.text.MX_GPIO_Init,"ax",%progbits
  19              		.align	1
  20              		.global	MX_GPIO_Init
  21              		.syntax unified
  22              		.code	16
  23              		.thumb_func
  25              	MX_GPIO_Init:
  26              	.LFB40:
   1:Core/Src/gpio.c **** /* USER CODE BEGIN Header */
   2:Core/Src/gpio.c **** /**
   3:Core/Src/gpio.c ****   ******************************************************************************
   4:Core/Src/gpio.c ****   * @file    gpio.c
   5:Core/Src/gpio.c ****   * @brief   This file provides code for the configuration
   6:Core/Src/gpio.c ****   *          of all used GPIO pins.
   7:Core/Src/gpio.c ****   ******************************************************************************
   8:Core/Src/gpio.c ****   * @attention
   9:Core/Src/gpio.c ****   *
  10:Core/Src/gpio.c ****   * Copyright (c) 2026 STMicroelectronics.
  11:Core/Src/gpio.c ****   * All rights reserved.
  12:Core/Src/gpio.c ****   *
  13:Core/Src/gpio.c ****   * This software is licensed under terms that can be found in the LICENSE file
  14:Core/Src/gpio.c ****   * in the root directory of this software component.
  15:Core/Src/gpio.c ****   * If no LICENSE file comes with this software, it is provided AS-IS.
  16:Core/Src/gpio.c ****   *
  17:Core/Src/gpio.c ****   ******************************************************************************
  18:Core/Src/gpio.c ****   */
  19:Core/Src/gpio.c **** /* USER CODE END Header */
  20:Core/Src/gpio.c **** 
  21:Core/Src/gpio.c **** /* Includes ------------------------------------------------------------------*/
  22:Core/Src/gpio.c **** #include "gpio.h"
  23:Core/Src/gpio.c **** 
  24:Core/Src/gpio.c **** /* USER CODE BEGIN 0 */
  25:Core/Src/gpio.c **** 
  26:Core/Src/gpio.c **** /* USER CODE END 0 */
  27:Core/Src/gpio.c **** 
  28:Core/Src/gpio.c **** /*----------------------------------------------------------------------------*/
  29:Core/Src/gpio.c **** /* Configure GPIO                                                             */
  30:Core/Src/gpio.c **** /*----------------------------------------------------------------------------*/
  31:Core/Src/gpio.c **** /* USER CODE BEGIN 1 */
  32:Core/Src/gpio.c **** 
ARM GAS  /tmp/ccGejEbU.s 			page 2


  33:Core/Src/gpio.c **** /* USER CODE END 1 */
  34:Core/Src/gpio.c **** 
  35:Core/Src/gpio.c **** /** Configure pins as
  36:Core/Src/gpio.c ****         * Analog
  37:Core/Src/gpio.c ****         * Input
  38:Core/Src/gpio.c ****         * Output
  39:Core/Src/gpio.c ****         * EVENT_OUT
  40:Core/Src/gpio.c ****         * EXTI
  41:Core/Src/gpio.c **** */
  42:Core/Src/gpio.c **** void MX_GPIO_Init(void)
  43:Core/Src/gpio.c **** {
  27              		.loc 1 43 1 view -0
  28              		.cfi_startproc
  29              		@ args = 0, pretend = 0, frame = 24
  30              		@ frame_needed = 0, uses_anonymous_args = 0
  31 0000 10B5     		push	{r4, lr}
  32              		.cfi_def_cfa_offset 8
  33              		.cfi_offset 4, -8
  34              		.cfi_offset 14, -4
  35 0002 86B0     		sub	sp, sp, #24
  36              		.cfi_def_cfa_offset 32
  44:Core/Src/gpio.c **** 
  45:Core/Src/gpio.c ****   GPIO_InitTypeDef GPIO_InitStruct = {0};
  37              		.loc 1 45 3 view .LVU1
  38              		.loc 1 45 20 is_stmt 0 view .LVU2
  39 0004 01AC     		add	r4, sp, #4
  40 0006 1422     		movs	r2, #20
  41 0008 0021     		movs	r1, #0
  42 000a 2000     		movs	r0, r4
  43 000c FFF7FEFF 		bl	memset
  44              	.LVL0:
  46:Core/Src/gpio.c **** 
  47:Core/Src/gpio.c ****   /* GPIO Ports Clock Enable */
  48:Core/Src/gpio.c ****   __HAL_RCC_GPIOA_CLK_ENABLE();
  45              		.loc 1 48 3 is_stmt 1 view .LVU3
  46              	.LBB2:
  47              		.loc 1 48 3 view .LVU4
  48              		.loc 1 48 3 view .LVU5
  49 0010 0A4B     		ldr	r3, .L2
  50 0012 5A69     		ldr	r2, [r3, #20]
  51 0014 8021     		movs	r1, #128
  52 0016 8902     		lsls	r1, r1, #10
  53 0018 0A43     		orrs	r2, r1
  54 001a 5A61     		str	r2, [r3, #20]
  55              		.loc 1 48 3 view .LVU6
  56 001c 5B69     		ldr	r3, [r3, #20]
  57 001e 0B40     		ands	r3, r1
  58 0020 0093     		str	r3, [sp]
  59              		.loc 1 48 3 view .LVU7
  60 0022 009B     		ldr	r3, [sp]
  61              	.LBE2:
  62              		.loc 1 48 3 view .LVU8
  49:Core/Src/gpio.c **** 
  50:Core/Src/gpio.c ****   /*Configure GPIO pins : BTN1_Pin BTN2_Pin BTN3_Pin BTN4_Pin
  51:Core/Src/gpio.c ****                            BTN5_Pin BTN6_Pin BTN7_Pin BTN8_Pin */
  52:Core/Src/gpio.c ****   GPIO_InitStruct.Pin = BTN1_Pin|BTN2_Pin|BTN3_Pin|BTN4_Pin
  63              		.loc 1 52 3 view .LVU9
ARM GAS  /tmp/ccGejEbU.s 			page 3


  64              		.loc 1 52 23 is_stmt 0 view .LVU10
  65 0024 FF23     		movs	r3, #255
  66 0026 0193     		str	r3, [sp, #4]
  53:Core/Src/gpio.c ****                           |BTN5_Pin|BTN6_Pin|BTN7_Pin|BTN8_Pin;
  54:Core/Src/gpio.c ****   GPIO_InitStruct.Mode = GPIO_MODE_INPUT;
  67              		.loc 1 54 3 is_stmt 1 view .LVU11
  55:Core/Src/gpio.c ****   GPIO_InitStruct.Pull = GPIO_PULLDOWN;
  68              		.loc 1 55 3 view .LVU12
  69              		.loc 1 55 24 is_stmt 0 view .LVU13
  70 0028 FD3B     		subs	r3, r3, #253
  71 002a 0393     		str	r3, [sp, #12]
  56:Core/Src/gpio.c ****   HAL_GPIO_Init(GPIOA, &GPIO_InitStruct);
  72              		.loc 1 56 3 is_stmt 1 view .LVU14
  73 002c 9020     		movs	r0, #144
  74 002e 2100     		movs	r1, r4
  75 0030 C005     		lsls	r0, r0, #23
  76 0032 FFF7FEFF 		bl	HAL_GPIO_Init
  77              	.LVL1:
  57:Core/Src/gpio.c **** 
  58:Core/Src/gpio.c **** }
  78              		.loc 1 58 1 is_stmt 0 view .LVU15
  79 0036 06B0     		add	sp, sp, #24
  80              		@ sp needed
  81 0038 10BD     		pop	{r4, pc}
  82              	.L3:
  83 003a C046     		.align	2
  84              	.L2:
  85 003c 00100240 		.word	1073876992
  86              		.cfi_endproc
  87              	.LFE40:
  89              		.text
  90              	.Letext0:
  91              		.file 2 "/usr/arm-none-eabi/include/machine/_default_types.h"
  92              		.file 3 "/usr/arm-none-eabi/include/sys/_stdint.h"
  93              		.file 4 "Drivers/CMSIS/Device/ST/STM32F0xx/Include/stm32f042x6.h"
  94              		.file 5 "Drivers/STM32F0xx_HAL_Driver/Inc/stm32f0xx_hal_gpio.h"
  95              		.file 6 "<built-in>"
ARM GAS  /tmp/ccGejEbU.s 			page 4


DEFINED SYMBOLS
                            *ABS*:00000000 gpio.c
     /tmp/ccGejEbU.s:19     .text.MX_GPIO_Init:00000000 $t
     /tmp/ccGejEbU.s:25     .text.MX_GPIO_Init:00000000 MX_GPIO_Init
     /tmp/ccGejEbU.s:85     .text.MX_GPIO_Init:0000003c $d

UNDEFINED SYMBOLS
memset
HAL_GPIO_Init
