ARM GAS  /tmp/ccVeuMUy.s 			page 1


   1              		.cpu cortex-m0
   2              		.arch armv6s-m
   3              		.fpu softvfp
   4              		.eabi_attribute 20, 1
   5              		.eabi_attribute 21, 1
   6              		.eabi_attribute 23, 3
   7              		.eabi_attribute 24, 1
   8              		.eabi_attribute 25, 1
   9              		.eabi_attribute 26, 1
  10              		.eabi_attribute 30, 1
  11              		.eabi_attribute 34, 0
  12              		.eabi_attribute 18, 4
  13              		.file	"stm32f0xx_hal_rcc.c"
  14              		.text
  15              		.section	.text.HAL_RCC_DeInit,"ax",%progbits
  16              		.align	1
  17              		.global	HAL_RCC_DeInit
  18              		.syntax unified
  19              		.code	16
  20              		.thumb_func
  22              	HAL_RCC_DeInit:
  23              		@ args = 0, pretend = 0, frame = 0
  24              		@ frame_needed = 0, uses_anonymous_args = 0
  25 0000 70B5     		push	{r4, r5, r6, lr}
  26 0002 FFF7FEFF 		bl	HAL_GetTick
  27 0006 0400     		movs	r4, r0
  28 0008 284A     		ldr	r2, .L17
  29 000a 1368     		ldr	r3, [r2]
  30 000c 8121     		movs	r1, #129
  31 000e 0B43     		orrs	r3, r1
  32 0010 1360     		str	r3, [r2]
  33              	.L2:
  34 0012 264B     		ldr	r3, .L17
  35 0014 1B68     		ldr	r3, [r3]
  36 0016 9B07     		lsls	r3, r3, #30
  37 0018 07D4     		bmi	.L13
  38 001a FFF7FEFF 		bl	HAL_GetTick
  39 001e 001B     		subs	r0, r0, r4
  40 0020 0228     		cmp	r0, #2
  41 0022 F6D9     		bls	.L2
  42 0024 0324     		movs	r4, #3
  43              	.L3:
  44 0026 2000     		movs	r0, r4
  45              		@ sp needed
  46 0028 70BD     		pop	{r4, r5, r6, pc}
  47              	.L13:
  48 002a 204A     		ldr	r2, .L17
  49 002c 5368     		ldr	r3, [r2, #4]
  50 002e 2049     		ldr	r1, .L17+4
  51 0030 0B40     		ands	r3, r1
  52 0032 5360     		str	r3, [r2, #4]
  53              	.L5:
  54 0034 1D4B     		ldr	r3, .L17
  55 0036 5B68     		ldr	r3, [r3, #4]
  56 0038 0C22     		movs	r2, #12
  57 003a 1A42     		tst	r2, r3
  58 003c 07D0     		beq	.L14
ARM GAS  /tmp/ccVeuMUy.s 			page 2


  59 003e FFF7FEFF 		bl	HAL_GetTick
  60 0042 001B     		subs	r0, r0, r4
  61 0044 1B4B     		ldr	r3, .L17+8
  62 0046 9842     		cmp	r0, r3
  63 0048 F4D9     		bls	.L5
  64 004a 0324     		movs	r4, #3
  65 004c EBE7     		b	.L3
  66              	.L14:
  67 004e 1A4B     		ldr	r3, .L17+12
  68 0050 1A4A     		ldr	r2, .L17+16
  69 0052 1A60     		str	r2, [r3]
  70 0054 1A4B     		ldr	r3, .L17+20
  71 0056 1868     		ldr	r0, [r3]
  72 0058 FFF7FEFF 		bl	HAL_InitTick
  73 005c 041E     		subs	r4, r0, #0
  74 005e 01D0     		beq	.L15
  75 0060 0124     		movs	r4, #1
  76 0062 E0E7     		b	.L3
  77              	.L15:
  78 0064 114B     		ldr	r3, .L17
  79 0066 1A68     		ldr	r2, [r3]
  80 0068 1649     		ldr	r1, .L17+24
  81 006a 0A40     		ands	r2, r1
  82 006c 1A60     		str	r2, [r3]
  83 006e 1A68     		ldr	r2, [r3]
  84 0070 1549     		ldr	r1, .L17+28
  85 0072 0A40     		ands	r2, r1
  86 0074 1A60     		str	r2, [r3]
  87 0076 FFF7FEFF 		bl	HAL_GetTick
  88 007a 0500     		movs	r5, r0
  89              	.L7:
  90 007c 0B4B     		ldr	r3, .L17
  91 007e 1B68     		ldr	r3, [r3]
  92 0080 9B01     		lsls	r3, r3, #6
  93 0082 06D5     		bpl	.L16
  94 0084 FFF7FEFF 		bl	HAL_GetTick
  95 0088 401B     		subs	r0, r0, r5
  96 008a 0228     		cmp	r0, #2
  97 008c F6D9     		bls	.L7
  98 008e 0324     		movs	r4, #3
  99 0090 C9E7     		b	.L3
 100              	.L16:
 101 0092 064B     		ldr	r3, .L17
 102 0094 0022     		movs	r2, #0
 103 0096 5A60     		str	r2, [r3, #4]
 104 0098 DA62     		str	r2, [r3, #44]
 105 009a 1A63     		str	r2, [r3, #48]
 106 009c 9A60     		str	r2, [r3, #8]
 107 009e 596A     		ldr	r1, [r3, #36]
 108 00a0 8022     		movs	r2, #128
 109 00a2 5204     		lsls	r2, r2, #17
 110 00a4 0A43     		orrs	r2, r1
 111 00a6 5A62     		str	r2, [r3, #36]
 112 00a8 BDE7     		b	.L3
 113              	.L18:
 114 00aa C046     		.align	2
 115              	.L17:
ARM GAS  /tmp/ccVeuMUy.s 			page 3


 116 00ac 00100240 		.word	1073876992
 117 00b0 0CF8FFF0 		.word	-251660276
 118 00b4 88130000 		.word	5000
 119 00b8 00000000 		.word	SystemCoreClock
 120 00bc 00127A00 		.word	8000000
 121 00c0 00000000 		.word	uwTickPrio
 122 00c4 FFFFF6FE 		.word	-17367041
 123 00c8 FFFFFBFF 		.word	-262145
 125              		.section	.text.HAL_RCC_OscConfig,"ax",%progbits
 126              		.align	1
 127              		.global	HAL_RCC_OscConfig
 128              		.syntax unified
 129              		.code	16
 130              		.thumb_func
 132              	HAL_RCC_OscConfig:
 133              		@ args = 0, pretend = 0, frame = 8
 134              		@ frame_needed = 0, uses_anonymous_args = 0
 135 0000 70B5     		push	{r4, r5, r6, lr}
 136 0002 82B0     		sub	sp, sp, #8
 137 0004 041E     		subs	r4, r0, #0
 138 0006 00D1     		bne	.LCB141
 139 0008 7FE2     		b	.L86	@long jump
 140              	.LCB141:
 141 000a 0368     		ldr	r3, [r0]
 142 000c DB07     		lsls	r3, r3, #31
 143 000e 2BD5     		bpl	.L21
 144 0010 B34B     		ldr	r3, .L139
 145 0012 5A68     		ldr	r2, [r3, #4]
 146 0014 0C23     		movs	r3, #12
 147 0016 1340     		ands	r3, r2
 148 0018 042B     		cmp	r3, #4
 149 001a 1DD0     		beq	.L22
 150 001c B04B     		ldr	r3, .L139
 151 001e 5A68     		ldr	r2, [r3, #4]
 152 0020 0C23     		movs	r3, #12
 153 0022 1340     		ands	r3, r2
 154 0024 082B     		cmp	r3, #8
 155 0026 0ED0     		beq	.L122
 156              	.L23:
 157 0028 6368     		ldr	r3, [r4, #4]
 158 002a 012B     		cmp	r3, #1
 159 002c 41D0     		beq	.L123
 160 002e 002B     		cmp	r3, #0
 161 0030 56D1     		bne	.L26
 162 0032 AB4B     		ldr	r3, .L139
 163 0034 1A68     		ldr	r2, [r3]
 164 0036 AB49     		ldr	r1, .L139+4
 165 0038 0A40     		ands	r2, r1
 166 003a 1A60     		str	r2, [r3]
 167 003c 1A68     		ldr	r2, [r3]
 168 003e AA49     		ldr	r1, .L139+8
 169 0040 0A40     		ands	r2, r1
 170 0042 1A60     		str	r2, [r3]
 171 0044 3BE0     		b	.L25
 172              	.L122:
 173 0046 A64B     		ldr	r3, .L139
 174 0048 5B68     		ldr	r3, [r3, #4]
ARM GAS  /tmp/ccVeuMUy.s 			page 4


 175 004a C022     		movs	r2, #192
 176 004c 5202     		lsls	r2, r2, #9
 177 004e 1340     		ands	r3, r2
 178 0050 8022     		movs	r2, #128
 179 0052 5202     		lsls	r2, r2, #9
 180 0054 9342     		cmp	r3, r2
 181 0056 E7D1     		bne	.L23
 182              	.L22:
 183 0058 A14B     		ldr	r3, .L139
 184 005a 1B68     		ldr	r3, [r3]
 185 005c 9B03     		lsls	r3, r3, #14
 186 005e 03D5     		bpl	.L21
 187 0060 6368     		ldr	r3, [r4, #4]
 188 0062 002B     		cmp	r3, #0
 189 0064 00D1     		bne	.LCB196
 190 0066 53E2     		b	.L124	@long jump
 191              	.LCB196:
 192              	.L21:
 193 0068 2368     		ldr	r3, [r4]
 194 006a 9B07     		lsls	r3, r3, #30
 195 006c 77D5     		bpl	.L33
 196 006e 9C4B     		ldr	r3, .L139
 197 0070 5B68     		ldr	r3, [r3, #4]
 198 0072 0C22     		movs	r2, #12
 199 0074 1A42     		tst	r2, r3
 200 0076 62D0     		beq	.L34
 201 0078 994B     		ldr	r3, .L139
 202 007a 5A68     		ldr	r2, [r3, #4]
 203 007c 0C23     		movs	r3, #12
 204 007e 1340     		ands	r3, r2
 205 0080 082B     		cmp	r3, #8
 206 0082 53D0     		beq	.L125
 207              	.L35:
 208 0084 E368     		ldr	r3, [r4, #12]
 209 0086 002B     		cmp	r3, #0
 210 0088 00D1     		bne	.LCB218
 211 008a 8AE0     		b	.L37	@long jump
 212              	.LCB218:
 213 008c 944A     		ldr	r2, .L139
 214 008e 1368     		ldr	r3, [r2]
 215 0090 0121     		movs	r1, #1
 216 0092 0B43     		orrs	r3, r1
 217 0094 1360     		str	r3, [r2]
 218 0096 FFF7FEFF 		bl	HAL_GetTick
 219 009a 0500     		movs	r5, r0
 220              	.L38:
 221 009c 904B     		ldr	r3, .L139
 222 009e 1B68     		ldr	r3, [r3]
 223 00a0 9B07     		lsls	r3, r3, #30
 224 00a2 75D4     		bmi	.L126
 225 00a4 FFF7FEFF 		bl	HAL_GetTick
 226 00a8 401B     		subs	r0, r0, r5
 227 00aa 0228     		cmp	r0, #2
 228 00ac F6D9     		bls	.L38
 229 00ae 0320     		movs	r0, #3
 230 00b0 2CE2     		b	.L20
 231              	.L123:
ARM GAS  /tmp/ccVeuMUy.s 			page 5


 232 00b2 8B4A     		ldr	r2, .L139
 233 00b4 1168     		ldr	r1, [r2]
 234 00b6 8023     		movs	r3, #128
 235 00b8 5B02     		lsls	r3, r3, #9
 236 00ba 0B43     		orrs	r3, r1
 237 00bc 1360     		str	r3, [r2]
 238              	.L25:
 239 00be 6368     		ldr	r3, [r4, #4]
 240 00c0 002B     		cmp	r3, #0
 241 00c2 25D0     		beq	.L28
 242 00c4 FFF7FEFF 		bl	HAL_GetTick
 243 00c8 0500     		movs	r5, r0
 244              	.L29:
 245 00ca 854B     		ldr	r3, .L139
 246 00cc 1B68     		ldr	r3, [r3]
 247 00ce 9B03     		lsls	r3, r3, #14
 248 00d0 CAD4     		bmi	.L21
 249 00d2 FFF7FEFF 		bl	HAL_GetTick
 250 00d6 401B     		subs	r0, r0, r5
 251 00d8 6428     		cmp	r0, #100
 252 00da F6D9     		bls	.L29
 253 00dc 0320     		movs	r0, #3
 254 00de 15E2     		b	.L20
 255              	.L26:
 256 00e0 052B     		cmp	r3, #5
 257 00e2 09D0     		beq	.L127
 258 00e4 7E4B     		ldr	r3, .L139
 259 00e6 1A68     		ldr	r2, [r3]
 260 00e8 7E49     		ldr	r1, .L139+4
 261 00ea 0A40     		ands	r2, r1
 262 00ec 1A60     		str	r2, [r3]
 263 00ee 1A68     		ldr	r2, [r3]
 264 00f0 7D49     		ldr	r1, .L139+8
 265 00f2 0A40     		ands	r2, r1
 266 00f4 1A60     		str	r2, [r3]
 267 00f6 E2E7     		b	.L25
 268              	.L127:
 269 00f8 794B     		ldr	r3, .L139
 270 00fa 1968     		ldr	r1, [r3]
 271 00fc 8022     		movs	r2, #128
 272 00fe D202     		lsls	r2, r2, #11
 273 0100 0A43     		orrs	r2, r1
 274 0102 1A60     		str	r2, [r3]
 275 0104 1968     		ldr	r1, [r3]
 276 0106 8022     		movs	r2, #128
 277 0108 5202     		lsls	r2, r2, #9
 278 010a 0A43     		orrs	r2, r1
 279 010c 1A60     		str	r2, [r3]
 280 010e D6E7     		b	.L25
 281              	.L28:
 282 0110 FFF7FEFF 		bl	HAL_GetTick
 283 0114 0500     		movs	r5, r0
 284              	.L31:
 285 0116 724B     		ldr	r3, .L139
 286 0118 1B68     		ldr	r3, [r3]
 287 011a 9B03     		lsls	r3, r3, #14
 288 011c A4D5     		bpl	.L21
ARM GAS  /tmp/ccVeuMUy.s 			page 6


 289 011e FFF7FEFF 		bl	HAL_GetTick
 290 0122 401B     		subs	r0, r0, r5
 291 0124 6428     		cmp	r0, #100
 292 0126 F6D9     		bls	.L31
 293 0128 0320     		movs	r0, #3
 294 012a EFE1     		b	.L20
 295              	.L125:
 296 012c 6C4B     		ldr	r3, .L139
 297 012e 5B68     		ldr	r3, [r3, #4]
 298 0130 C022     		movs	r2, #192
 299 0132 5202     		lsls	r2, r2, #9
 300 0134 1340     		ands	r3, r2
 301 0136 8022     		movs	r2, #128
 302 0138 1202     		lsls	r2, r2, #8
 303 013a 9342     		cmp	r3, r2
 304 013c A2D1     		bne	.L35
 305              	.L34:
 306 013e 684B     		ldr	r3, .L139
 307 0140 1B68     		ldr	r3, [r3]
 308 0142 9B07     		lsls	r3, r3, #30
 309 0144 03D5     		bpl	.L36
 310 0146 E368     		ldr	r3, [r4, #12]
 311 0148 012B     		cmp	r3, #1
 312 014a 00D0     		beq	.LCB343
 313 014c E2E1     		b	.L90	@long jump
 314              	.LCB343:
 315              	.L36:
 316 014e 6449     		ldr	r1, .L139
 317 0150 0B68     		ldr	r3, [r1]
 318 0152 F822     		movs	r2, #248
 319 0154 9343     		bics	r3, r2
 320 0156 2269     		ldr	r2, [r4, #16]
 321 0158 D200     		lsls	r2, r2, #3
 322 015a 1343     		orrs	r3, r2
 323 015c 0B60     		str	r3, [r1]
 324              	.L33:
 325 015e 2368     		ldr	r3, [r4]
 326 0160 1B07     		lsls	r3, r3, #28
 327 0162 44D5     		bpl	.L42
 328 0164 E369     		ldr	r3, [r4, #28]
 329 0166 002B     		cmp	r3, #0
 330 0168 2ED0     		beq	.L43
 331 016a 5D4A     		ldr	r2, .L139
 332 016c 536A     		ldr	r3, [r2, #36]
 333 016e 0121     		movs	r1, #1
 334 0170 0B43     		orrs	r3, r1
 335 0172 5362     		str	r3, [r2, #36]
 336 0174 FFF7FEFF 		bl	HAL_GetTick
 337 0178 0500     		movs	r5, r0
 338              	.L44:
 339 017a 594B     		ldr	r3, .L139
 340 017c 5B6A     		ldr	r3, [r3, #36]
 341 017e 9B07     		lsls	r3, r3, #30
 342 0180 35D4     		bmi	.L42
 343 0182 FFF7FEFF 		bl	HAL_GetTick
 344 0186 401B     		subs	r0, r0, r5
 345 0188 0228     		cmp	r0, #2
ARM GAS  /tmp/ccVeuMUy.s 			page 7


 346 018a F6D9     		bls	.L44
 347 018c 0320     		movs	r0, #3
 348 018e BDE1     		b	.L20
 349              	.L126:
 350 0190 5349     		ldr	r1, .L139
 351 0192 0B68     		ldr	r3, [r1]
 352 0194 F822     		movs	r2, #248
 353 0196 9343     		bics	r3, r2
 354 0198 2269     		ldr	r2, [r4, #16]
 355 019a D200     		lsls	r2, r2, #3
 356 019c 1343     		orrs	r3, r2
 357 019e 0B60     		str	r3, [r1]
 358 01a0 DDE7     		b	.L33
 359              	.L37:
 360 01a2 4F4A     		ldr	r2, .L139
 361 01a4 1368     		ldr	r3, [r2]
 362 01a6 0121     		movs	r1, #1
 363 01a8 8B43     		bics	r3, r1
 364 01aa 1360     		str	r3, [r2]
 365 01ac FFF7FEFF 		bl	HAL_GetTick
 366 01b0 0500     		movs	r5, r0
 367              	.L40:
 368 01b2 4B4B     		ldr	r3, .L139
 369 01b4 1B68     		ldr	r3, [r3]
 370 01b6 9B07     		lsls	r3, r3, #30
 371 01b8 D1D5     		bpl	.L33
 372 01ba FFF7FEFF 		bl	HAL_GetTick
 373 01be 401B     		subs	r0, r0, r5
 374 01c0 0228     		cmp	r0, #2
 375 01c2 F6D9     		bls	.L40
 376 01c4 0320     		movs	r0, #3
 377 01c6 A1E1     		b	.L20
 378              	.L43:
 379 01c8 454A     		ldr	r2, .L139
 380 01ca 536A     		ldr	r3, [r2, #36]
 381 01cc 0121     		movs	r1, #1
 382 01ce 8B43     		bics	r3, r1
 383 01d0 5362     		str	r3, [r2, #36]
 384 01d2 FFF7FEFF 		bl	HAL_GetTick
 385 01d6 0500     		movs	r5, r0
 386              	.L46:
 387 01d8 414B     		ldr	r3, .L139
 388 01da 5B6A     		ldr	r3, [r3, #36]
 389 01dc 9B07     		lsls	r3, r3, #30
 390 01de 06D5     		bpl	.L42
 391 01e0 FFF7FEFF 		bl	HAL_GetTick
 392 01e4 401B     		subs	r0, r0, r5
 393 01e6 0228     		cmp	r0, #2
 394 01e8 F6D9     		bls	.L46
 395 01ea 0320     		movs	r0, #3
 396 01ec 8EE1     		b	.L20
 397              	.L42:
 398 01ee 2368     		ldr	r3, [r4]
 399 01f0 5B07     		lsls	r3, r3, #29
 400 01f2 00D4     		bmi	.LCB454
 401 01f4 80E0     		b	.L48	@long jump
 402              	.LCB454:
ARM GAS  /tmp/ccVeuMUy.s 			page 8


 403 01f6 3A4B     		ldr	r3, .L139
 404 01f8 DB69     		ldr	r3, [r3, #28]
 405 01fa DB00     		lsls	r3, r3, #3
 406 01fc 1DD4     		bmi	.L95
 407 01fe 384B     		ldr	r3, .L139
 408 0200 DA69     		ldr	r2, [r3, #28]
 409 0202 8021     		movs	r1, #128
 410 0204 4905     		lsls	r1, r1, #21
 411 0206 0A43     		orrs	r2, r1
 412 0208 DA61     		str	r2, [r3, #28]
 413 020a DB69     		ldr	r3, [r3, #28]
 414 020c 0B40     		ands	r3, r1
 415 020e 0193     		str	r3, [sp, #4]
 416 0210 019B     		ldr	r3, [sp, #4]
 417 0212 0125     		movs	r5, #1
 418              	.L49:
 419 0214 354B     		ldr	r3, .L139+12
 420 0216 1B68     		ldr	r3, [r3]
 421 0218 DB05     		lsls	r3, r3, #23
 422 021a 10D5     		bpl	.L128
 423              	.L50:
 424 021c A368     		ldr	r3, [r4, #8]
 425 021e 012B     		cmp	r3, #1
 426 0220 21D0     		beq	.L129
 427 0222 002B     		cmp	r3, #0
 428 0224 36D1     		bne	.L55
 429 0226 2E4B     		ldr	r3, .L139
 430 0228 1A6A     		ldr	r2, [r3, #32]
 431 022a 0121     		movs	r1, #1
 432 022c 8A43     		bics	r2, r1
 433 022e 1A62     		str	r2, [r3, #32]
 434 0230 1A6A     		ldr	r2, [r3, #32]
 435 0232 0331     		adds	r1, r1, #3
 436 0234 8A43     		bics	r2, r1
 437 0236 1A62     		str	r2, [r3, #32]
 438 0238 1AE0     		b	.L54
 439              	.L95:
 440 023a 0025     		movs	r5, #0
 441 023c EAE7     		b	.L49
 442              	.L128:
 443 023e 2B4A     		ldr	r2, .L139+12
 444 0240 1168     		ldr	r1, [r2]
 445 0242 8023     		movs	r3, #128
 446 0244 5B00     		lsls	r3, r3, #1
 447 0246 0B43     		orrs	r3, r1
 448 0248 1360     		str	r3, [r2]
 449 024a FFF7FEFF 		bl	HAL_GetTick
 450 024e 0600     		movs	r6, r0
 451              	.L51:
 452 0250 264B     		ldr	r3, .L139+12
 453 0252 1B68     		ldr	r3, [r3]
 454 0254 DB05     		lsls	r3, r3, #23
 455 0256 E1D4     		bmi	.L50
 456 0258 FFF7FEFF 		bl	HAL_GetTick
 457 025c 801B     		subs	r0, r0, r6
 458 025e 6428     		cmp	r0, #100
 459 0260 F6D9     		bls	.L51
ARM GAS  /tmp/ccVeuMUy.s 			page 9


 460 0262 0320     		movs	r0, #3
 461 0264 52E1     		b	.L20
 462              	.L129:
 463 0266 1E4A     		ldr	r2, .L139
 464 0268 136A     		ldr	r3, [r2, #32]
 465 026a 0121     		movs	r1, #1
 466 026c 0B43     		orrs	r3, r1
 467 026e 1362     		str	r3, [r2, #32]
 468              	.L54:
 469 0270 A368     		ldr	r3, [r4, #8]
 470 0272 002B     		cmp	r3, #0
 471 0274 24D0     		beq	.L57
 472 0276 FFF7FEFF 		bl	HAL_GetTick
 473 027a 0600     		movs	r6, r0
 474              	.L58:
 475 027c 184B     		ldr	r3, .L139
 476 027e 1B6A     		ldr	r3, [r3, #32]
 477 0280 9B07     		lsls	r3, r3, #30
 478 0282 37D4     		bmi	.L60
 479 0284 FFF7FEFF 		bl	HAL_GetTick
 480 0288 801B     		subs	r0, r0, r6
 481 028a 194B     		ldr	r3, .L139+16
 482 028c 9842     		cmp	r0, r3
 483 028e F5D9     		bls	.L58
 484 0290 0320     		movs	r0, #3
 485 0292 3BE1     		b	.L20
 486              	.L55:
 487 0294 052B     		cmp	r3, #5
 488 0296 09D0     		beq	.L130
 489 0298 114B     		ldr	r3, .L139
 490 029a 1A6A     		ldr	r2, [r3, #32]
 491 029c 0121     		movs	r1, #1
 492 029e 8A43     		bics	r2, r1
 493 02a0 1A62     		str	r2, [r3, #32]
 494 02a2 1A6A     		ldr	r2, [r3, #32]
 495 02a4 0331     		adds	r1, r1, #3
 496 02a6 8A43     		bics	r2, r1
 497 02a8 1A62     		str	r2, [r3, #32]
 498 02aa E1E7     		b	.L54
 499              	.L130:
 500 02ac 0C4B     		ldr	r3, .L139
 501 02ae 1A6A     		ldr	r2, [r3, #32]
 502 02b0 0421     		movs	r1, #4
 503 02b2 0A43     		orrs	r2, r1
 504 02b4 1A62     		str	r2, [r3, #32]
 505 02b6 1A6A     		ldr	r2, [r3, #32]
 506 02b8 0339     		subs	r1, r1, #3
 507 02ba 0A43     		orrs	r2, r1
 508 02bc 1A62     		str	r2, [r3, #32]
 509 02be D7E7     		b	.L54
 510              	.L57:
 511 02c0 FFF7FEFF 		bl	HAL_GetTick
 512 02c4 0600     		movs	r6, r0
 513              	.L61:
 514 02c6 064B     		ldr	r3, .L139
 515 02c8 1B6A     		ldr	r3, [r3, #32]
 516 02ca 9B07     		lsls	r3, r3, #30
ARM GAS  /tmp/ccVeuMUy.s 			page 10


 517 02cc 12D5     		bpl	.L60
 518 02ce FFF7FEFF 		bl	HAL_GetTick
 519 02d2 801B     		subs	r0, r0, r6
 520 02d4 064B     		ldr	r3, .L139+16
 521 02d6 9842     		cmp	r0, r3
 522 02d8 F5D9     		bls	.L61
 523 02da 0320     		movs	r0, #3
 524 02dc 16E1     		b	.L20
 525              	.L140:
 526 02de C046     		.align	2
 527              	.L139:
 528 02e0 00100240 		.word	1073876992
 529 02e4 FFFFFEFF 		.word	-65537
 530 02e8 FFFFFBFF 		.word	-262145
 531 02ec 00700040 		.word	1073770496
 532 02f0 88130000 		.word	5000
 533              	.L60:
 534 02f4 012D     		cmp	r5, #1
 535 02f6 39D0     		beq	.L131
 536              	.L48:
 537 02f8 2368     		ldr	r3, [r4]
 538 02fa DB06     		lsls	r3, r3, #27
 539 02fc 10D5     		bpl	.L63
 540 02fe 6369     		ldr	r3, [r4, #20]
 541 0300 012B     		cmp	r3, #1
 542 0302 39D0     		beq	.L132
 543 0304 0533     		adds	r3, r3, #5
 544 0306 57D1     		bne	.L67
 545 0308 894A     		ldr	r2, .L141
 546 030a 536B     		ldr	r3, [r2, #52]
 547 030c 0421     		movs	r1, #4
 548 030e 8B43     		bics	r3, r1
 549 0310 5363     		str	r3, [r2, #52]
 550 0312 536B     		ldr	r3, [r2, #52]
 551 0314 F431     		adds	r1, r1, #244
 552 0316 8B43     		bics	r3, r1
 553 0318 A169     		ldr	r1, [r4, #24]
 554 031a C900     		lsls	r1, r1, #3
 555 031c 0B43     		orrs	r3, r1
 556 031e 5363     		str	r3, [r2, #52]
 557              	.L63:
 558 0320 2368     		ldr	r3, [r4]
 559 0322 9B06     		lsls	r3, r3, #26
 560 0324 6ED5     		bpl	.L70
 561 0326 824B     		ldr	r3, .L141
 562 0328 5A68     		ldr	r2, [r3, #4]
 563 032a 0C23     		movs	r3, #12
 564 032c 1340     		ands	r3, r2
 565 032e 0C2B     		cmp	r3, #12
 566 0330 60D0     		beq	.L71
 567 0332 7F4B     		ldr	r3, .L141
 568 0334 5A68     		ldr	r2, [r3, #4]
 569 0336 0C23     		movs	r3, #12
 570 0338 1340     		ands	r3, r2
 571 033a 082B     		cmp	r3, #8
 572 033c 53D0     		beq	.L133
 573              	.L72:
ARM GAS  /tmp/ccVeuMUy.s 			page 11


 574 033e 236A     		ldr	r3, [r4, #32]
 575 0340 002B     		cmp	r3, #0
 576 0342 7ED0     		beq	.L73
 577 0344 7A4A     		ldr	r2, .L141
 578 0346 516B     		ldr	r1, [r2, #52]
 579 0348 8023     		movs	r3, #128
 580 034a 5B02     		lsls	r3, r3, #9
 581 034c 0B43     		orrs	r3, r1
 582 034e 5363     		str	r3, [r2, #52]
 583 0350 FFF7FEFF 		bl	HAL_GetTick
 584 0354 0500     		movs	r5, r0
 585              	.L74:
 586 0356 764B     		ldr	r3, .L141
 587 0358 5B6B     		ldr	r3, [r3, #52]
 588 035a 9B03     		lsls	r3, r3, #14
 589 035c 52D4     		bmi	.L70
 590 035e FFF7FEFF 		bl	HAL_GetTick
 591 0362 401B     		subs	r0, r0, r5
 592 0364 0228     		cmp	r0, #2
 593 0366 F6D9     		bls	.L74
 594 0368 0320     		movs	r0, #3
 595 036a CFE0     		b	.L20
 596              	.L131:
 597 036c 704A     		ldr	r2, .L141
 598 036e D369     		ldr	r3, [r2, #28]
 599 0370 7049     		ldr	r1, .L141+4
 600 0372 0B40     		ands	r3, r1
 601 0374 D361     		str	r3, [r2, #28]
 602 0376 BFE7     		b	.L48
 603              	.L132:
 604 0378 6D4B     		ldr	r3, .L141
 605 037a 5A6B     		ldr	r2, [r3, #52]
 606 037c 0421     		movs	r1, #4
 607 037e 0A43     		orrs	r2, r1
 608 0380 5A63     		str	r2, [r3, #52]
 609 0382 5A6B     		ldr	r2, [r3, #52]
 610 0384 0339     		subs	r1, r1, #3
 611 0386 0A43     		orrs	r2, r1
 612 0388 5A63     		str	r2, [r3, #52]
 613 038a FFF7FEFF 		bl	HAL_GetTick
 614 038e 0500     		movs	r5, r0
 615              	.L65:
 616 0390 674B     		ldr	r3, .L141
 617 0392 5B6B     		ldr	r3, [r3, #52]
 618 0394 9B07     		lsls	r3, r3, #30
 619 0396 06D4     		bmi	.L134
 620 0398 FFF7FEFF 		bl	HAL_GetTick
 621 039c 401B     		subs	r0, r0, r5
 622 039e 0228     		cmp	r0, #2
 623 03a0 F6D9     		bls	.L65
 624 03a2 0320     		movs	r0, #3
 625 03a4 B2E0     		b	.L20
 626              	.L134:
 627 03a6 6249     		ldr	r1, .L141
 628 03a8 4B6B     		ldr	r3, [r1, #52]
 629 03aa F822     		movs	r2, #248
 630 03ac 9343     		bics	r3, r2
ARM GAS  /tmp/ccVeuMUy.s 			page 12


 631 03ae A269     		ldr	r2, [r4, #24]
 632 03b0 D200     		lsls	r2, r2, #3
 633 03b2 1343     		orrs	r3, r2
 634 03b4 4B63     		str	r3, [r1, #52]
 635 03b6 B3E7     		b	.L63
 636              	.L67:
 637 03b8 5D4B     		ldr	r3, .L141
 638 03ba 5A6B     		ldr	r2, [r3, #52]
 639 03bc 0421     		movs	r1, #4
 640 03be 0A43     		orrs	r2, r1
 641 03c0 5A63     		str	r2, [r3, #52]
 642 03c2 5A6B     		ldr	r2, [r3, #52]
 643 03c4 0339     		subs	r1, r1, #3
 644 03c6 8A43     		bics	r2, r1
 645 03c8 5A63     		str	r2, [r3, #52]
 646 03ca FFF7FEFF 		bl	HAL_GetTick
 647 03ce 0500     		movs	r5, r0
 648              	.L68:
 649 03d0 574B     		ldr	r3, .L141
 650 03d2 5B6B     		ldr	r3, [r3, #52]
 651 03d4 9B07     		lsls	r3, r3, #30
 652 03d6 A3D5     		bpl	.L63
 653 03d8 FFF7FEFF 		bl	HAL_GetTick
 654 03dc 401B     		subs	r0, r0, r5
 655 03de 0228     		cmp	r0, #2
 656 03e0 F6D9     		bls	.L68
 657 03e2 0320     		movs	r0, #3
 658 03e4 92E0     		b	.L20
 659              	.L133:
 660 03e6 524B     		ldr	r3, .L141
 661 03e8 5B68     		ldr	r3, [r3, #4]
 662 03ea C022     		movs	r2, #192
 663 03ec 5202     		lsls	r2, r2, #9
 664 03ee 1340     		ands	r3, r2
 665 03f0 9342     		cmp	r3, r2
 666 03f2 A4D1     		bne	.L72
 667              	.L71:
 668 03f4 4E4B     		ldr	r3, .L141
 669 03f6 5B6B     		ldr	r3, [r3, #52]
 670 03f8 9B03     		lsls	r3, r3, #14
 671 03fa 03D5     		bpl	.L70
 672 03fc 236A     		ldr	r3, [r4, #32]
 673 03fe 012B     		cmp	r3, #1
 674 0400 00D0     		beq	.LCB789
 675 0402 89E0     		b	.L101	@long jump
 676              	.LCB789:
 677              	.L70:
 678 0404 636A     		ldr	r3, [r4, #36]
 679 0406 002B     		cmp	r3, #0
 680 0408 00D1     		bne	.LCB793
 681 040a 87E0     		b	.L104	@long jump
 682              	.LCB793:
 683 040c 484A     		ldr	r2, .L141
 684 040e 5168     		ldr	r1, [r2, #4]
 685 0410 0C22     		movs	r2, #12
 686 0412 0A40     		ands	r2, r1
 687 0414 082A     		cmp	r2, #8
ARM GAS  /tmp/ccVeuMUy.s 			page 13


 688 0416 60D0     		beq	.L78
 689 0418 022B     		cmp	r3, #2
 690 041a 25D0     		beq	.L135
 691 041c 444A     		ldr	r2, .L141
 692 041e 1368     		ldr	r3, [r2]
 693 0420 4549     		ldr	r1, .L141+8
 694 0422 0B40     		ands	r3, r1
 695 0424 1360     		str	r3, [r2]
 696 0426 FFF7FEFF 		bl	HAL_GetTick
 697 042a 0400     		movs	r4, r0
 698              	.L84:
 699 042c 404B     		ldr	r3, .L141
 700 042e 1B68     		ldr	r3, [r3]
 701 0430 9B01     		lsls	r3, r3, #6
 702 0432 50D5     		bpl	.L136
 703 0434 FFF7FEFF 		bl	HAL_GetTick
 704 0438 001B     		subs	r0, r0, r4
 705 043a 0228     		cmp	r0, #2
 706 043c F6D9     		bls	.L84
 707 043e 0320     		movs	r0, #3
 708 0440 64E0     		b	.L20
 709              	.L73:
 710 0442 3B4A     		ldr	r2, .L141
 711 0444 536B     		ldr	r3, [r2, #52]
 712 0446 3D49     		ldr	r1, .L141+12
 713 0448 0B40     		ands	r3, r1
 714 044a 5363     		str	r3, [r2, #52]
 715 044c FFF7FEFF 		bl	HAL_GetTick
 716 0450 0500     		movs	r5, r0
 717              	.L76:
 718 0452 374B     		ldr	r3, .L141
 719 0454 5B6B     		ldr	r3, [r3, #52]
 720 0456 9B03     		lsls	r3, r3, #14
 721 0458 D4D5     		bpl	.L70
 722 045a FFF7FEFF 		bl	HAL_GetTick
 723 045e 401B     		subs	r0, r0, r5
 724 0460 0228     		cmp	r0, #2
 725 0462 F6D9     		bls	.L76
 726 0464 0320     		movs	r0, #3
 727 0466 51E0     		b	.L20
 728              	.L135:
 729 0468 314A     		ldr	r2, .L141
 730 046a 1368     		ldr	r3, [r2]
 731 046c 3249     		ldr	r1, .L141+8
 732 046e 0B40     		ands	r3, r1
 733 0470 1360     		str	r3, [r2]
 734 0472 FFF7FEFF 		bl	HAL_GetTick
 735 0476 0500     		movs	r5, r0
 736              	.L80:
 737 0478 2D4B     		ldr	r3, .L141
 738 047a 1B68     		ldr	r3, [r3]
 739 047c 9B01     		lsls	r3, r3, #6
 740 047e 06D5     		bpl	.L137
 741 0480 FFF7FEFF 		bl	HAL_GetTick
 742 0484 401B     		subs	r0, r0, r5
 743 0486 0228     		cmp	r0, #2
 744 0488 F6D9     		bls	.L80
ARM GAS  /tmp/ccVeuMUy.s 			page 14


 745 048a 0320     		movs	r0, #3
 746 048c 3EE0     		b	.L20
 747              	.L137:
 748 048e 284B     		ldr	r3, .L141
 749 0490 DA6A     		ldr	r2, [r3, #44]
 750 0492 0F21     		movs	r1, #15
 751 0494 8A43     		bics	r2, r1
 752 0496 216B     		ldr	r1, [r4, #48]
 753 0498 0A43     		orrs	r2, r1
 754 049a DA62     		str	r2, [r3, #44]
 755 049c 5A68     		ldr	r2, [r3, #4]
 756 049e 2849     		ldr	r1, .L141+16
 757 04a0 0A40     		ands	r2, r1
 758 04a2 E16A     		ldr	r1, [r4, #44]
 759 04a4 A06A     		ldr	r0, [r4, #40]
 760 04a6 0143     		orrs	r1, r0
 761 04a8 0A43     		orrs	r2, r1
 762 04aa 5A60     		str	r2, [r3, #4]
 763 04ac 1968     		ldr	r1, [r3]
 764 04ae 8022     		movs	r2, #128
 765 04b0 5204     		lsls	r2, r2, #17
 766 04b2 0A43     		orrs	r2, r1
 767 04b4 1A60     		str	r2, [r3]
 768 04b6 FFF7FEFF 		bl	HAL_GetTick
 769 04ba 0400     		movs	r4, r0
 770              	.L82:
 771 04bc 1C4B     		ldr	r3, .L141
 772 04be 1B68     		ldr	r3, [r3]
 773 04c0 9B01     		lsls	r3, r3, #6
 774 04c2 06D4     		bmi	.L138
 775 04c4 FFF7FEFF 		bl	HAL_GetTick
 776 04c8 001B     		subs	r0, r0, r4
 777 04ca 0228     		cmp	r0, #2
 778 04cc F6D9     		bls	.L82
 779 04ce 0320     		movs	r0, #3
 780 04d0 1CE0     		b	.L20
 781              	.L138:
 782 04d2 0020     		movs	r0, #0
 783 04d4 1AE0     		b	.L20
 784              	.L136:
 785 04d6 0020     		movs	r0, #0
 786 04d8 18E0     		b	.L20
 787              	.L78:
 788 04da 012B     		cmp	r3, #1
 789 04dc 20D0     		beq	.L108
 790 04de 144B     		ldr	r3, .L141
 791 04e0 5A68     		ldr	r2, [r3, #4]
 792 04e2 D86A     		ldr	r0, [r3, #44]
 793 04e4 C023     		movs	r3, #192
 794 04e6 5B02     		lsls	r3, r3, #9
 795 04e8 1340     		ands	r3, r2
 796 04ea A16A     		ldr	r1, [r4, #40]
 797 04ec 8B42     		cmp	r3, r1
 798 04ee 19D1     		bne	.L109
 799 04f0 0F23     		movs	r3, #15
 800 04f2 0340     		ands	r3, r0
 801 04f4 216B     		ldr	r1, [r4, #48]
ARM GAS  /tmp/ccVeuMUy.s 			page 15


 802 04f6 8B42     		cmp	r3, r1
 803 04f8 16D1     		bne	.L110
 804 04fa F023     		movs	r3, #240
 805 04fc 9B03     		lsls	r3, r3, #14
 806 04fe 1A40     		ands	r2, r3
 807 0500 E36A     		ldr	r3, [r4, #44]
 808 0502 9A42     		cmp	r2, r3
 809 0504 12D1     		bne	.L111
 810 0506 0020     		movs	r0, #0
 811 0508 00E0     		b	.L20
 812              	.L86:
 813 050a 0120     		movs	r0, #1
 814              	.L20:
 815 050c 02B0     		add	sp, sp, #8
 816              		@ sp needed
 817 050e 70BD     		pop	{r4, r5, r6, pc}
 818              	.L124:
 819 0510 0120     		movs	r0, #1
 820 0512 FBE7     		b	.L20
 821              	.L90:
 822 0514 0120     		movs	r0, #1
 823 0516 F9E7     		b	.L20
 824              	.L101:
 825 0518 0120     		movs	r0, #1
 826 051a F7E7     		b	.L20
 827              	.L104:
 828 051c 0020     		movs	r0, #0
 829 051e F5E7     		b	.L20
 830              	.L108:
 831 0520 0120     		movs	r0, #1
 832 0522 F3E7     		b	.L20
 833              	.L109:
 834 0524 0120     		movs	r0, #1
 835 0526 F1E7     		b	.L20
 836              	.L110:
 837 0528 0120     		movs	r0, #1
 838 052a EFE7     		b	.L20
 839              	.L111:
 840 052c 0120     		movs	r0, #1
 841 052e EDE7     		b	.L20
 842              	.L142:
 843              		.align	2
 844              	.L141:
 845 0530 00100240 		.word	1073876992
 846 0534 FFFFFFEF 		.word	-268435457
 847 0538 FFFFFFFE 		.word	-16777217
 848 053c FFFFFEFF 		.word	-65537
 849 0540 FF7FC2FF 		.word	-4030465
 851              		.section	.text.HAL_RCC_MCOConfig,"ax",%progbits
 852              		.align	1
 853              		.global	HAL_RCC_MCOConfig
 854              		.syntax unified
 855              		.code	16
 856              		.thumb_func
 858              	HAL_RCC_MCOConfig:
 859              		@ args = 0, pretend = 0, frame = 24
 860              		@ frame_needed = 0, uses_anonymous_args = 0
ARM GAS  /tmp/ccVeuMUy.s 			page 16


 861 0000 70B5     		push	{r4, r5, r6, lr}
 862 0002 86B0     		sub	sp, sp, #24
 863 0004 0D00     		movs	r5, r1
 864 0006 1600     		movs	r6, r2
 865 0008 01A9     		add	r1, sp, #4
 866 000a 0223     		movs	r3, #2
 867 000c 4B60     		str	r3, [r1, #4]
 868 000e 0133     		adds	r3, r3, #1
 869 0010 CB60     		str	r3, [r1, #12]
 870 0012 0023     		movs	r3, #0
 871 0014 8B60     		str	r3, [r1, #8]
 872 0016 8022     		movs	r2, #128
 873 0018 5200     		lsls	r2, r2, #1
 874 001a 0192     		str	r2, [sp, #4]
 875 001c 0B61     		str	r3, [r1, #16]
 876 001e 0B4C     		ldr	r4, .L144
 877 0020 6369     		ldr	r3, [r4, #20]
 878 0022 8022     		movs	r2, #128
 879 0024 9202     		lsls	r2, r2, #10
 880 0026 1343     		orrs	r3, r2
 881 0028 6361     		str	r3, [r4, #20]
 882 002a 6369     		ldr	r3, [r4, #20]
 883 002c 1340     		ands	r3, r2
 884 002e 0093     		str	r3, [sp]
 885 0030 009B     		ldr	r3, [sp]
 886 0032 9020     		movs	r0, #144
 887 0034 C005     		lsls	r0, r0, #23
 888 0036 FFF7FEFF 		bl	HAL_GPIO_Init
 889 003a 6268     		ldr	r2, [r4, #4]
 890 003c 044B     		ldr	r3, .L144+4
 891 003e 1A40     		ands	r2, r3
 892 0040 3543     		orrs	r5, r6
 893 0042 2A43     		orrs	r2, r5
 894 0044 6260     		str	r2, [r4, #4]
 895 0046 06B0     		add	sp, sp, #24
 896              		@ sp needed
 897 0048 70BD     		pop	{r4, r5, r6, pc}
 898              	.L145:
 899 004a C046     		.align	2
 900              	.L144:
 901 004c 00100240 		.word	1073876992
 902 0050 FFFFFF80 		.word	-2130706433
 904              		.section	.text.HAL_RCC_EnableCSS,"ax",%progbits
 905              		.align	1
 906              		.global	HAL_RCC_EnableCSS
 907              		.syntax unified
 908              		.code	16
 909              		.thumb_func
 911              	HAL_RCC_EnableCSS:
 912              		@ args = 0, pretend = 0, frame = 0
 913              		@ frame_needed = 0, uses_anonymous_args = 0
 914              		@ link register save eliminated.
 915 0000 034A     		ldr	r2, .L147
 916 0002 1168     		ldr	r1, [r2]
 917 0004 8023     		movs	r3, #128
 918 0006 1B03     		lsls	r3, r3, #12
 919 0008 0B43     		orrs	r3, r1
ARM GAS  /tmp/ccVeuMUy.s 			page 17


 920 000a 1360     		str	r3, [r2]
 921              		@ sp needed
 922 000c 7047     		bx	lr
 923              	.L148:
 924 000e C046     		.align	2
 925              	.L147:
 926 0010 00100240 		.word	1073876992
 928              		.section	.text.HAL_RCC_DisableCSS,"ax",%progbits
 929              		.align	1
 930              		.global	HAL_RCC_DisableCSS
 931              		.syntax unified
 932              		.code	16
 933              		.thumb_func
 935              	HAL_RCC_DisableCSS:
 936              		@ args = 0, pretend = 0, frame = 0
 937              		@ frame_needed = 0, uses_anonymous_args = 0
 938              		@ link register save eliminated.
 939 0000 024A     		ldr	r2, .L150
 940 0002 1368     		ldr	r3, [r2]
 941 0004 0249     		ldr	r1, .L150+4
 942 0006 0B40     		ands	r3, r1
 943 0008 1360     		str	r3, [r2]
 944              		@ sp needed
 945 000a 7047     		bx	lr
 946              	.L151:
 947              		.align	2
 948              	.L150:
 949 000c 00100240 		.word	1073876992
 950 0010 FFFFF7FF 		.word	-524289
 952              		.section	.text.HAL_RCC_GetSysClockFreq,"ax",%progbits
 953              		.align	1
 954              		.global	HAL_RCC_GetSysClockFreq
 955              		.syntax unified
 956              		.code	16
 957              		.thumb_func
 959              	HAL_RCC_GetSysClockFreq:
 960              		@ args = 0, pretend = 0, frame = 0
 961              		@ frame_needed = 0, uses_anonymous_args = 0
 962 0000 10B5     		push	{r4, lr}
 963 0002 184B     		ldr	r3, .L160
 964 0004 5A68     		ldr	r2, [r3, #4]
 965 0006 0C23     		movs	r3, #12
 966 0008 1340     		ands	r3, r2
 967 000a 082B     		cmp	r3, #8
 968 000c 03D0     		beq	.L153
 969 000e 0C2B     		cmp	r3, #12
 970 0010 25D1     		bne	.L157
 971 0012 1548     		ldr	r0, .L160+4
 972              	.L152:
 973              		@ sp needed
 974 0014 10BD     		pop	{r4, pc}
 975              	.L153:
 976 0016 910C     		lsrs	r1, r2, #18
 977 0018 0F23     		movs	r3, #15
 978 001a 1940     		ands	r1, r3
 979 001c 1348     		ldr	r0, .L160+8
 980 001e 445C     		ldrb	r4, [r0, r1]
ARM GAS  /tmp/ccVeuMUy.s 			page 18


 981 0020 1049     		ldr	r1, .L160
 982 0022 C96A     		ldr	r1, [r1, #44]
 983 0024 0B40     		ands	r3, r1
 984 0026 1249     		ldr	r1, .L160+12
 985 0028 C95C     		ldrb	r1, [r1, r3]
 986 002a C023     		movs	r3, #192
 987 002c 5B02     		lsls	r3, r3, #9
 988 002e 1A40     		ands	r2, r3
 989 0030 8023     		movs	r3, #128
 990 0032 5B02     		lsls	r3, r3, #9
 991 0034 9A42     		cmp	r2, r3
 992 0036 08D0     		beq	.L158
 993 0038 C023     		movs	r3, #192
 994 003a 5B02     		lsls	r3, r3, #9
 995 003c 9A42     		cmp	r2, r3
 996 003e 09D0     		beq	.L159
 997 0040 0C48     		ldr	r0, .L160+16
 998 0042 FFF7FEFF 		bl	__aeabi_uidiv
 999 0046 6043     		muls	r0, r4
 1000 0048 E4E7     		b	.L152
 1001              	.L158:
 1002 004a 0A48     		ldr	r0, .L160+16
 1003 004c FFF7FEFF 		bl	__aeabi_uidiv
 1004 0050 6043     		muls	r0, r4
 1005 0052 DFE7     		b	.L152
 1006              	.L159:
 1007 0054 0448     		ldr	r0, .L160+4
 1008 0056 FFF7FEFF 		bl	__aeabi_uidiv
 1009 005a 6043     		muls	r0, r4
 1010 005c DAE7     		b	.L152
 1011              	.L157:
 1012 005e 0548     		ldr	r0, .L160+16
 1013 0060 D8E7     		b	.L152
 1014              	.L161:
 1015 0062 C046     		.align	2
 1016              	.L160:
 1017 0064 00100240 		.word	1073876992
 1018 0068 006CDC02 		.word	48000000
 1019 006c 00000000 		.word	aPLLMULFactorTable.1
 1020 0070 00000000 		.word	aPredivFactorTable.0
 1021 0074 00127A00 		.word	8000000
 1023              		.section	.text.HAL_RCC_ClockConfig,"ax",%progbits
 1024              		.align	1
 1025              		.global	HAL_RCC_ClockConfig
 1026              		.syntax unified
 1027              		.code	16
 1028              		.thumb_func
 1030              	HAL_RCC_ClockConfig:
 1031              		@ args = 0, pretend = 0, frame = 0
 1032              		@ frame_needed = 0, uses_anonymous_args = 0
 1033 0000 70B5     		push	{r4, r5, r6, lr}
 1034 0002 0400     		movs	r4, r0
 1035 0004 0D00     		movs	r5, r1
 1036 0006 0028     		cmp	r0, #0
 1037 0008 00D1     		bne	.LCB1208
 1038 000a 86E0     		b	.L176	@long jump
 1039              	.LCB1208:
ARM GAS  /tmp/ccVeuMUy.s 			page 19


 1040 000c 474B     		ldr	r3, .L195
 1041 000e 1A68     		ldr	r2, [r3]
 1042 0010 0123     		movs	r3, #1
 1043 0012 1340     		ands	r3, r2
 1044 0014 8B42     		cmp	r3, r1
 1045 0016 0AD2     		bcs	.L164
 1046 0018 4449     		ldr	r1, .L195
 1047 001a 0B68     		ldr	r3, [r1]
 1048 001c 0122     		movs	r2, #1
 1049 001e 9343     		bics	r3, r2
 1050 0020 2B43     		orrs	r3, r5
 1051 0022 0B60     		str	r3, [r1]
 1052 0024 0B68     		ldr	r3, [r1]
 1053 0026 1A40     		ands	r2, r3
 1054 0028 AA42     		cmp	r2, r5
 1055 002a 00D0     		beq	.LCB1224
 1056 002c 77E0     		b	.L177	@long jump
 1057              	.LCB1224:
 1058              	.L164:
 1059 002e 2368     		ldr	r3, [r4]
 1060 0030 9A07     		lsls	r2, r3, #30
 1061 0032 0ED5     		bpl	.L165
 1062 0034 5B07     		lsls	r3, r3, #29
 1063 0036 05D5     		bpl	.L166
 1064 0038 3D4A     		ldr	r2, .L195+4
 1065 003a 5168     		ldr	r1, [r2, #4]
 1066 003c E023     		movs	r3, #224
 1067 003e DB00     		lsls	r3, r3, #3
 1068 0040 0B43     		orrs	r3, r1
 1069 0042 5360     		str	r3, [r2, #4]
 1070              	.L166:
 1071 0044 3A4A     		ldr	r2, .L195+4
 1072 0046 5368     		ldr	r3, [r2, #4]
 1073 0048 F021     		movs	r1, #240
 1074 004a 8B43     		bics	r3, r1
 1075 004c A168     		ldr	r1, [r4, #8]
 1076 004e 0B43     		orrs	r3, r1
 1077 0050 5360     		str	r3, [r2, #4]
 1078              	.L165:
 1079 0052 2368     		ldr	r3, [r4]
 1080 0054 DB07     		lsls	r3, r3, #31
 1081 0056 35D5     		bpl	.L167
 1082 0058 6368     		ldr	r3, [r4, #4]
 1083 005a 012B     		cmp	r3, #1
 1084 005c 09D0     		beq	.L191
 1085 005e 022B     		cmp	r3, #2
 1086 0060 24D0     		beq	.L192
 1087 0062 032B     		cmp	r3, #3
 1088 0064 28D0     		beq	.L193
 1089 0066 324A     		ldr	r2, .L195+4
 1090 0068 1268     		ldr	r2, [r2]
 1091 006a 9207     		lsls	r2, r2, #30
 1092 006c 05D4     		bmi	.L169
 1093 006e 0120     		movs	r0, #1
 1094 0070 52E0     		b	.L163
 1095              	.L191:
 1096 0072 2F4A     		ldr	r2, .L195+4
ARM GAS  /tmp/ccVeuMUy.s 			page 20


 1097 0074 1268     		ldr	r2, [r2]
 1098 0076 9203     		lsls	r2, r2, #14
 1099 0078 53D5     		bpl	.L194
 1100              	.L169:
 1101 007a 2D49     		ldr	r1, .L195+4
 1102 007c 4A68     		ldr	r2, [r1, #4]
 1103 007e 0320     		movs	r0, #3
 1104 0080 8243     		bics	r2, r0
 1105 0082 1343     		orrs	r3, r2
 1106 0084 4B60     		str	r3, [r1, #4]
 1107 0086 FFF7FEFF 		bl	HAL_GetTick
 1108 008a 0600     		movs	r6, r0
 1109              	.L172:
 1110 008c 284B     		ldr	r3, .L195+4
 1111 008e 5B68     		ldr	r3, [r3, #4]
 1112 0090 0C22     		movs	r2, #12
 1113 0092 1A40     		ands	r2, r3
 1114 0094 6368     		ldr	r3, [r4, #4]
 1115 0096 9B00     		lsls	r3, r3, #2
 1116 0098 9A42     		cmp	r2, r3
 1117 009a 13D0     		beq	.L167
 1118 009c FFF7FEFF 		bl	HAL_GetTick
 1119 00a0 801B     		subs	r0, r0, r6
 1120 00a2 244B     		ldr	r3, .L195+8
 1121 00a4 9842     		cmp	r0, r3
 1122 00a6 F1D9     		bls	.L172
 1123 00a8 0320     		movs	r0, #3
 1124 00aa 35E0     		b	.L163
 1125              	.L192:
 1126 00ac 204A     		ldr	r2, .L195+4
 1127 00ae 1268     		ldr	r2, [r2]
 1128 00b0 9201     		lsls	r2, r2, #6
 1129 00b2 E2D4     		bmi	.L169
 1130 00b4 0120     		movs	r0, #1
 1131 00b6 2FE0     		b	.L163
 1132              	.L193:
 1133 00b8 1D4A     		ldr	r2, .L195+4
 1134 00ba 526B     		ldr	r2, [r2, #52]
 1135 00bc 9203     		lsls	r2, r2, #14
 1136 00be DCD4     		bmi	.L169
 1137 00c0 0120     		movs	r0, #1
 1138 00c2 29E0     		b	.L163
 1139              	.L167:
 1140 00c4 194B     		ldr	r3, .L195
 1141 00c6 1A68     		ldr	r2, [r3]
 1142 00c8 0123     		movs	r3, #1
 1143 00ca 1340     		ands	r3, r2
 1144 00cc AB42     		cmp	r3, r5
 1145 00ce 09D9     		bls	.L174
 1146 00d0 1649     		ldr	r1, .L195
 1147 00d2 0B68     		ldr	r3, [r1]
 1148 00d4 0122     		movs	r2, #1
 1149 00d6 9343     		bics	r3, r2
 1150 00d8 2B43     		orrs	r3, r5
 1151 00da 0B60     		str	r3, [r1]
 1152 00dc 0B68     		ldr	r3, [r1]
 1153 00de 1A40     		ands	r2, r3
ARM GAS  /tmp/ccVeuMUy.s 			page 21


 1154 00e0 AA42     		cmp	r2, r5
 1155 00e2 20D1     		bne	.L183
 1156              	.L174:
 1157 00e4 2368     		ldr	r3, [r4]
 1158 00e6 5B07     		lsls	r3, r3, #29
 1159 00e8 06D5     		bpl	.L175
 1160 00ea 114A     		ldr	r2, .L195+4
 1161 00ec 5368     		ldr	r3, [r2, #4]
 1162 00ee 1249     		ldr	r1, .L195+12
 1163 00f0 0B40     		ands	r3, r1
 1164 00f2 E168     		ldr	r1, [r4, #12]
 1165 00f4 0B43     		orrs	r3, r1
 1166 00f6 5360     		str	r3, [r2, #4]
 1167              	.L175:
 1168 00f8 FFF7FEFF 		bl	HAL_RCC_GetSysClockFreq
 1169 00fc 0C4B     		ldr	r3, .L195+4
 1170 00fe 5A68     		ldr	r2, [r3, #4]
 1171 0100 1209     		lsrs	r2, r2, #4
 1172 0102 0F23     		movs	r3, #15
 1173 0104 1340     		ands	r3, r2
 1174 0106 0D4A     		ldr	r2, .L195+16
 1175 0108 D35C     		ldrb	r3, [r2, r3]
 1176 010a D840     		lsrs	r0, r0, r3
 1177 010c 0C4B     		ldr	r3, .L195+20
 1178 010e 1860     		str	r0, [r3]
 1179 0110 0320     		movs	r0, #3
 1180 0112 FFF7FEFF 		bl	HAL_InitTick
 1181 0116 0020     		movs	r0, #0
 1182              	.L163:
 1183              		@ sp needed
 1184 0118 70BD     		pop	{r4, r5, r6, pc}
 1185              	.L176:
 1186 011a 0120     		movs	r0, #1
 1187 011c FCE7     		b	.L163
 1188              	.L177:
 1189 011e 0120     		movs	r0, #1
 1190 0120 FAE7     		b	.L163
 1191              	.L194:
 1192 0122 0120     		movs	r0, #1
 1193 0124 F8E7     		b	.L163
 1194              	.L183:
 1195 0126 0120     		movs	r0, #1
 1196 0128 F6E7     		b	.L163
 1197              	.L196:
 1198 012a C046     		.align	2
 1199              	.L195:
 1200 012c 00200240 		.word	1073881088
 1201 0130 00100240 		.word	1073876992
 1202 0134 88130000 		.word	5000
 1203 0138 FFF8FFFF 		.word	-1793
 1204 013c 00000000 		.word	AHBPrescTable
 1205 0140 00000000 		.word	SystemCoreClock
 1207              		.section	.text.HAL_RCC_GetHCLKFreq,"ax",%progbits
 1208              		.align	1
 1209              		.global	HAL_RCC_GetHCLKFreq
 1210              		.syntax unified
 1211              		.code	16
ARM GAS  /tmp/ccVeuMUy.s 			page 22


 1212              		.thumb_func
 1214              	HAL_RCC_GetHCLKFreq:
 1215              		@ args = 0, pretend = 0, frame = 0
 1216              		@ frame_needed = 0, uses_anonymous_args = 0
 1217              		@ link register save eliminated.
 1218 0000 014B     		ldr	r3, .L198
 1219 0002 1868     		ldr	r0, [r3]
 1220              		@ sp needed
 1221 0004 7047     		bx	lr
 1222              	.L199:
 1223 0006 C046     		.align	2
 1224              	.L198:
 1225 0008 00000000 		.word	SystemCoreClock
 1227              		.section	.text.HAL_RCC_GetPCLK1Freq,"ax",%progbits
 1228              		.align	1
 1229              		.global	HAL_RCC_GetPCLK1Freq
 1230              		.syntax unified
 1231              		.code	16
 1232              		.thumb_func
 1234              	HAL_RCC_GetPCLK1Freq:
 1235              		@ args = 0, pretend = 0, frame = 0
 1236              		@ frame_needed = 0, uses_anonymous_args = 0
 1237 0000 10B5     		push	{r4, lr}
 1238 0002 FFF7FEFF 		bl	HAL_RCC_GetHCLKFreq
 1239 0006 044B     		ldr	r3, .L201
 1240 0008 5A68     		ldr	r2, [r3, #4]
 1241 000a 120A     		lsrs	r2, r2, #8
 1242 000c 0723     		movs	r3, #7
 1243 000e 1340     		ands	r3, r2
 1244 0010 024A     		ldr	r2, .L201+4
 1245 0012 D35C     		ldrb	r3, [r2, r3]
 1246 0014 D840     		lsrs	r0, r0, r3
 1247              		@ sp needed
 1248 0016 10BD     		pop	{r4, pc}
 1249              	.L202:
 1250              		.align	2
 1251              	.L201:
 1252 0018 00100240 		.word	1073876992
 1253 001c 00000000 		.word	APBPrescTable
 1255              		.section	.text.HAL_RCC_GetOscConfig,"ax",%progbits
 1256              		.align	1
 1257              		.global	HAL_RCC_GetOscConfig
 1258              		.syntax unified
 1259              		.code	16
 1260              		.thumb_func
 1262              	HAL_RCC_GetOscConfig:
 1263              		@ args = 0, pretend = 0, frame = 0
 1264              		@ frame_needed = 0, uses_anonymous_args = 0
 1265              		@ link register save eliminated.
 1266 0000 1F23     		movs	r3, #31
 1267 0002 0360     		str	r3, [r0]
 1268 0004 2033     		adds	r3, r3, #32
 1269 0006 0360     		str	r3, [r0]
 1270 0008 324B     		ldr	r3, .L218
 1271 000a 1B68     		ldr	r3, [r3]
 1272 000c 5B03     		lsls	r3, r3, #13
 1273 000e 40D5     		bpl	.L204
ARM GAS  /tmp/ccVeuMUy.s 			page 23


 1274 0010 0523     		movs	r3, #5
 1275 0012 4360     		str	r3, [r0, #4]
 1276              	.L205:
 1277 0014 2F4B     		ldr	r3, .L218
 1278 0016 1B68     		ldr	r3, [r3]
 1279 0018 DB07     		lsls	r3, r3, #31
 1280 001a 44D5     		bpl	.L207
 1281 001c 0123     		movs	r3, #1
 1282 001e C360     		str	r3, [r0, #12]
 1283              	.L208:
 1284 0020 2C49     		ldr	r1, .L218
 1285 0022 0A68     		ldr	r2, [r1]
 1286 0024 D208     		lsrs	r2, r2, #3
 1287 0026 1F23     		movs	r3, #31
 1288 0028 1340     		ands	r3, r2
 1289 002a 0361     		str	r3, [r0, #16]
 1290 002c 0B6A     		ldr	r3, [r1, #32]
 1291 002e 5B07     		lsls	r3, r3, #29
 1292 0030 3CD5     		bpl	.L209
 1293 0032 0523     		movs	r3, #5
 1294 0034 8360     		str	r3, [r0, #8]
 1295              	.L210:
 1296 0036 274B     		ldr	r3, .L218
 1297 0038 5B6A     		ldr	r3, [r3, #36]
 1298 003a DB07     		lsls	r3, r3, #31
 1299 003c 40D5     		bpl	.L212
 1300 003e 0123     		movs	r3, #1
 1301 0040 C361     		str	r3, [r0, #28]
 1302              	.L213:
 1303 0042 244B     		ldr	r3, .L218
 1304 0044 5B6B     		ldr	r3, [r3, #52]
 1305 0046 DB07     		lsls	r3, r3, #31
 1306 0048 3DD5     		bpl	.L214
 1307 004a 0123     		movs	r3, #1
 1308 004c 4361     		str	r3, [r0, #20]
 1309              	.L215:
 1310 004e 214A     		ldr	r2, .L218
 1311 0050 516B     		ldr	r1, [r2, #52]
 1312 0052 C908     		lsrs	r1, r1, #3
 1313 0054 1F23     		movs	r3, #31
 1314 0056 0B40     		ands	r3, r1
 1315 0058 8361     		str	r3, [r0, #24]
 1316 005a 536B     		ldr	r3, [r2, #52]
 1317 005c 8021     		movs	r1, #128
 1318 005e 4902     		lsls	r1, r1, #9
 1319 0060 0B40     		ands	r3, r1
 1320 0062 591E     		subs	r1, r3, #1
 1321 0064 8B41     		sbcs	r3, r3, r1
 1322 0066 0362     		str	r3, [r0, #32]
 1323 0068 1368     		ldr	r3, [r2]
 1324 006a DB01     		lsls	r3, r3, #7
 1325 006c 2ED5     		bpl	.L216
 1326 006e 0223     		movs	r3, #2
 1327 0070 4362     		str	r3, [r0, #36]
 1328              	.L217:
 1329 0072 184B     		ldr	r3, .L218
 1330 0074 5A68     		ldr	r2, [r3, #4]
ARM GAS  /tmp/ccVeuMUy.s 			page 24


 1331 0076 C021     		movs	r1, #192
 1332 0078 4902     		lsls	r1, r1, #9
 1333 007a 0A40     		ands	r2, r1
 1334 007c 8262     		str	r2, [r0, #40]
 1335 007e 5A68     		ldr	r2, [r3, #4]
 1336 0080 F021     		movs	r1, #240
 1337 0082 8903     		lsls	r1, r1, #14
 1338 0084 0A40     		ands	r2, r1
 1339 0086 C262     		str	r2, [r0, #44]
 1340 0088 DA6A     		ldr	r2, [r3, #44]
 1341 008a 0F23     		movs	r3, #15
 1342 008c 1340     		ands	r3, r2
 1343 008e 0363     		str	r3, [r0, #48]
 1344              		@ sp needed
 1345 0090 7047     		bx	lr
 1346              	.L204:
 1347 0092 104B     		ldr	r3, .L218
 1348 0094 1B68     		ldr	r3, [r3]
 1349 0096 DB03     		lsls	r3, r3, #15
 1350 0098 02D5     		bpl	.L206
 1351 009a 0123     		movs	r3, #1
 1352 009c 4360     		str	r3, [r0, #4]
 1353 009e B9E7     		b	.L205
 1354              	.L206:
 1355 00a0 0023     		movs	r3, #0
 1356 00a2 4360     		str	r3, [r0, #4]
 1357 00a4 B6E7     		b	.L205
 1358              	.L207:
 1359 00a6 0023     		movs	r3, #0
 1360 00a8 C360     		str	r3, [r0, #12]
 1361 00aa B9E7     		b	.L208
 1362              	.L209:
 1363 00ac 094B     		ldr	r3, .L218
 1364 00ae 1B6A     		ldr	r3, [r3, #32]
 1365 00b0 DB07     		lsls	r3, r3, #31
 1366 00b2 02D5     		bpl	.L211
 1367 00b4 0123     		movs	r3, #1
 1368 00b6 8360     		str	r3, [r0, #8]
 1369 00b8 BDE7     		b	.L210
 1370              	.L211:
 1371 00ba 0023     		movs	r3, #0
 1372 00bc 8360     		str	r3, [r0, #8]
 1373 00be BAE7     		b	.L210
 1374              	.L212:
 1375 00c0 0023     		movs	r3, #0
 1376 00c2 C361     		str	r3, [r0, #28]
 1377 00c4 BDE7     		b	.L213
 1378              	.L214:
 1379 00c6 0023     		movs	r3, #0
 1380 00c8 4361     		str	r3, [r0, #20]
 1381 00ca C0E7     		b	.L215
 1382              	.L216:
 1383 00cc 0123     		movs	r3, #1
 1384 00ce 4362     		str	r3, [r0, #36]
 1385 00d0 CFE7     		b	.L217
 1386              	.L219:
 1387 00d2 C046     		.align	2
ARM GAS  /tmp/ccVeuMUy.s 			page 25


 1388              	.L218:
 1389 00d4 00100240 		.word	1073876992
 1391              		.section	.text.HAL_RCC_GetClockConfig,"ax",%progbits
 1392              		.align	1
 1393              		.global	HAL_RCC_GetClockConfig
 1394              		.syntax unified
 1395              		.code	16
 1396              		.thumb_func
 1398              	HAL_RCC_GetClockConfig:
 1399              		@ args = 0, pretend = 0, frame = 0
 1400              		@ frame_needed = 0, uses_anonymous_args = 0
 1401 0000 10B5     		push	{r4, lr}
 1402 0002 0723     		movs	r3, #7
 1403 0004 0360     		str	r3, [r0]
 1404 0006 0A4B     		ldr	r3, .L221
 1405 0008 5C68     		ldr	r4, [r3, #4]
 1406 000a 0322     		movs	r2, #3
 1407 000c 2240     		ands	r2, r4
 1408 000e 4260     		str	r2, [r0, #4]
 1409 0010 5C68     		ldr	r4, [r3, #4]
 1410 0012 F022     		movs	r2, #240
 1411 0014 2240     		ands	r2, r4
 1412 0016 8260     		str	r2, [r0, #8]
 1413 0018 5B68     		ldr	r3, [r3, #4]
 1414 001a E022     		movs	r2, #224
 1415 001c D200     		lsls	r2, r2, #3
 1416 001e 1340     		ands	r3, r2
 1417 0020 C360     		str	r3, [r0, #12]
 1418 0022 044B     		ldr	r3, .L221+4
 1419 0024 1A68     		ldr	r2, [r3]
 1420 0026 0123     		movs	r3, #1
 1421 0028 1340     		ands	r3, r2
 1422 002a 0B60     		str	r3, [r1]
 1423              		@ sp needed
 1424 002c 10BD     		pop	{r4, pc}
 1425              	.L222:
 1426 002e C046     		.align	2
 1427              	.L221:
 1428 0030 00100240 		.word	1073876992
 1429 0034 00200240 		.word	1073881088
 1431              		.section	.text.HAL_RCC_CSSCallback,"ax",%progbits
 1432              		.align	1
 1433              		.weak	HAL_RCC_CSSCallback
 1434              		.syntax unified
 1435              		.code	16
 1436              		.thumb_func
 1438              	HAL_RCC_CSSCallback:
 1439              		@ args = 0, pretend = 0, frame = 0
 1440              		@ frame_needed = 0, uses_anonymous_args = 0
 1441              		@ link register save eliminated.
 1442              		@ sp needed
 1443 0000 7047     		bx	lr
 1445              		.section	.text.HAL_RCC_NMI_IRQHandler,"ax",%progbits
 1446              		.align	1
 1447              		.global	HAL_RCC_NMI_IRQHandler
 1448              		.syntax unified
 1449              		.code	16
ARM GAS  /tmp/ccVeuMUy.s 			page 26


 1450              		.thumb_func
 1452              	HAL_RCC_NMI_IRQHandler:
 1453              		@ args = 0, pretend = 0, frame = 0
 1454              		@ frame_needed = 0, uses_anonymous_args = 0
 1455 0000 10B5     		push	{r4, lr}
 1456 0002 054B     		ldr	r3, .L228
 1457 0004 9B68     		ldr	r3, [r3, #8]
 1458 0006 1B06     		lsls	r3, r3, #24
 1459 0008 00D4     		bmi	.L227
 1460              	.L224:
 1461              		@ sp needed
 1462 000a 10BD     		pop	{r4, pc}
 1463              	.L227:
 1464 000c FFF7FEFF 		bl	HAL_RCC_CSSCallback
 1465 0010 024B     		ldr	r3, .L228+4
 1466 0012 8022     		movs	r2, #128
 1467 0014 1A70     		strb	r2, [r3]
 1468 0016 F8E7     		b	.L224
 1469              	.L229:
 1470              		.align	2
 1471              	.L228:
 1472 0018 00100240 		.word	1073876992
 1473 001c 0A100240 		.word	1073877002
 1475              		.section	.rodata.aPredivFactorTable.0,"a"
 1476              		.align	2
 1479              	aPredivFactorTable.0:
 1480 0000 01020304 		.ascii	"\001\002\003\004\005\006\007\010\011\012\013\014\015"
 1480      05060708 
 1480      090A0B0C 
 1480      0D
 1481 000d 0E0F10   		.ascii	"\016\017\020"
 1482              		.section	.rodata.aPLLMULFactorTable.1,"a"
 1483              		.align	2
 1486              	aPLLMULFactorTable.1:
 1487 0000 02030405 		.ascii	"\002\003\004\005\006\007\010\011\012\013\014\015\016"
 1487      06070809 
 1487      0A0B0C0D 
 1487      0E
 1488 000d 0F1010   		.ascii	"\017\020\020"
 1489              		.global	__aeabi_uidiv
 1490              		.ident	"GCC: (Arch Repository) 14.2.0"
ARM GAS  /tmp/ccVeuMUy.s 			page 27


DEFINED SYMBOLS
                            *ABS*:00000000 stm32f0xx_hal_rcc.c
     /tmp/ccVeuMUy.s:16     .text.HAL_RCC_DeInit:00000000 $t
     /tmp/ccVeuMUy.s:22     .text.HAL_RCC_DeInit:00000000 HAL_RCC_DeInit
     /tmp/ccVeuMUy.s:116    .text.HAL_RCC_DeInit:000000ac $d
     /tmp/ccVeuMUy.s:126    .text.HAL_RCC_OscConfig:00000000 $t
     /tmp/ccVeuMUy.s:132    .text.HAL_RCC_OscConfig:00000000 HAL_RCC_OscConfig
     /tmp/ccVeuMUy.s:528    .text.HAL_RCC_OscConfig:000002e0 $d
     /tmp/ccVeuMUy.s:534    .text.HAL_RCC_OscConfig:000002f4 $t
     /tmp/ccVeuMUy.s:845    .text.HAL_RCC_OscConfig:00000530 $d
     /tmp/ccVeuMUy.s:852    .text.HAL_RCC_MCOConfig:00000000 $t
     /tmp/ccVeuMUy.s:858    .text.HAL_RCC_MCOConfig:00000000 HAL_RCC_MCOConfig
     /tmp/ccVeuMUy.s:901    .text.HAL_RCC_MCOConfig:0000004c $d
     /tmp/ccVeuMUy.s:905    .text.HAL_RCC_EnableCSS:00000000 $t
     /tmp/ccVeuMUy.s:911    .text.HAL_RCC_EnableCSS:00000000 HAL_RCC_EnableCSS
     /tmp/ccVeuMUy.s:926    .text.HAL_RCC_EnableCSS:00000010 $d
     /tmp/ccVeuMUy.s:929    .text.HAL_RCC_DisableCSS:00000000 $t
     /tmp/ccVeuMUy.s:935    .text.HAL_RCC_DisableCSS:00000000 HAL_RCC_DisableCSS
     /tmp/ccVeuMUy.s:949    .text.HAL_RCC_DisableCSS:0000000c $d
     /tmp/ccVeuMUy.s:953    .text.HAL_RCC_GetSysClockFreq:00000000 $t
     /tmp/ccVeuMUy.s:959    .text.HAL_RCC_GetSysClockFreq:00000000 HAL_RCC_GetSysClockFreq
     /tmp/ccVeuMUy.s:1017   .text.HAL_RCC_GetSysClockFreq:00000064 $d
     /tmp/ccVeuMUy.s:1486   .rodata.aPLLMULFactorTable.1:00000000 aPLLMULFactorTable.1
     /tmp/ccVeuMUy.s:1479   .rodata.aPredivFactorTable.0:00000000 aPredivFactorTable.0
     /tmp/ccVeuMUy.s:1024   .text.HAL_RCC_ClockConfig:00000000 $t
     /tmp/ccVeuMUy.s:1030   .text.HAL_RCC_ClockConfig:00000000 HAL_RCC_ClockConfig
     /tmp/ccVeuMUy.s:1200   .text.HAL_RCC_ClockConfig:0000012c $d
     /tmp/ccVeuMUy.s:1208   .text.HAL_RCC_GetHCLKFreq:00000000 $t
     /tmp/ccVeuMUy.s:1214   .text.HAL_RCC_GetHCLKFreq:00000000 HAL_RCC_GetHCLKFreq
     /tmp/ccVeuMUy.s:1225   .text.HAL_RCC_GetHCLKFreq:00000008 $d
     /tmp/ccVeuMUy.s:1228   .text.HAL_RCC_GetPCLK1Freq:00000000 $t
     /tmp/ccVeuMUy.s:1234   .text.HAL_RCC_GetPCLK1Freq:00000000 HAL_RCC_GetPCLK1Freq
     /tmp/ccVeuMUy.s:1252   .text.HAL_RCC_GetPCLK1Freq:00000018 $d
     /tmp/ccVeuMUy.s:1256   .text.HAL_RCC_GetOscConfig:00000000 $t
     /tmp/ccVeuMUy.s:1262   .text.HAL_RCC_GetOscConfig:00000000 HAL_RCC_GetOscConfig
     /tmp/ccVeuMUy.s:1389   .text.HAL_RCC_GetOscConfig:000000d4 $d
     /tmp/ccVeuMUy.s:1392   .text.HAL_RCC_GetClockConfig:00000000 $t
     /tmp/ccVeuMUy.s:1398   .text.HAL_RCC_GetClockConfig:00000000 HAL_RCC_GetClockConfig
     /tmp/ccVeuMUy.s:1428   .text.HAL_RCC_GetClockConfig:00000030 $d
     /tmp/ccVeuMUy.s:1432   .text.HAL_RCC_CSSCallback:00000000 $t
     /tmp/ccVeuMUy.s:1438   .text.HAL_RCC_CSSCallback:00000000 HAL_RCC_CSSCallback
     /tmp/ccVeuMUy.s:1446   .text.HAL_RCC_NMI_IRQHandler:00000000 $t
     /tmp/ccVeuMUy.s:1452   .text.HAL_RCC_NMI_IRQHandler:00000000 HAL_RCC_NMI_IRQHandler
     /tmp/ccVeuMUy.s:1472   .text.HAL_RCC_NMI_IRQHandler:00000018 $d
     /tmp/ccVeuMUy.s:1476   .rodata.aPredivFactorTable.0:00000000 $d
     /tmp/ccVeuMUy.s:1483   .rodata.aPLLMULFactorTable.1:00000000 $d

UNDEFINED SYMBOLS
HAL_GetTick
HAL_InitTick
SystemCoreClock
uwTickPrio
HAL_GPIO_Init
__aeabi_uidiv
AHBPrescTable
APBPrescTable
