ARM GAS  /tmp/ccQNdv8R.s 			page 1


   1              		.cpu cortex-m0
   2              		.arch armv6s-m
   3              		.fpu softvfp
   4              		.eabi_attribute 20, 1
   5              		.eabi_attribute 21, 1
   6              		.eabi_attribute 23, 3
   7              		.eabi_attribute 24, 1
   8              		.eabi_attribute 25, 1
   9              		.eabi_attribute 26, 1
  10              		.eabi_attribute 30, 1
  11              		.eabi_attribute 34, 0
  12              		.eabi_attribute 18, 4
  13              		.file	"stm32f0xx_hal_dma.c"
  14              		.text
  15              		.section	.text.DMA_SetConfig,"ax",%progbits
  16              		.align	1
  17              		.syntax unified
  18              		.code	16
  19              		.thumb_func
  21              	DMA_SetConfig:
  22              		@ args = 0, pretend = 0, frame = 0
  23              		@ frame_needed = 0, uses_anonymous_args = 0
  24 0000 70B5     		push	{r4, r5, r6, lr}
  25 0002 066C     		ldr	r6, [r0, #64]
  26 0004 C56B     		ldr	r5, [r0, #60]
  27 0006 0124     		movs	r4, #1
  28 0008 B440     		lsls	r4, r4, r6
  29 000a 6C60     		str	r4, [r5, #4]
  30 000c 0468     		ldr	r4, [r0]
  31 000e 6360     		str	r3, [r4, #4]
  32 0010 4368     		ldr	r3, [r0, #4]
  33 0012 102B     		cmp	r3, #16
  34 0014 04D0     		beq	.L4
  35 0016 0368     		ldr	r3, [r0]
  36 0018 9960     		str	r1, [r3, #8]
  37 001a 0368     		ldr	r3, [r0]
  38 001c DA60     		str	r2, [r3, #12]
  39              	.L1:
  40              		@ sp needed
  41 001e 70BD     		pop	{r4, r5, r6, pc}
  42              	.L4:
  43 0020 0368     		ldr	r3, [r0]
  44 0022 9A60     		str	r2, [r3, #8]
  45 0024 0368     		ldr	r3, [r0]
  46 0026 D960     		str	r1, [r3, #12]
  47 0028 F9E7     		b	.L1
  49              		.section	.text.DMA_CalcBaseAndBitshift,"ax",%progbits
  50              		.align	1
  51              		.syntax unified
  52              		.code	16
  53              		.thumb_func
  55              	DMA_CalcBaseAndBitshift:
  56              		@ args = 0, pretend = 0, frame = 0
  57              		@ frame_needed = 0, uses_anonymous_args = 0
  58 0000 10B5     		push	{r4, lr}
  59 0002 0400     		movs	r4, r0
  60 0004 0068     		ldr	r0, [r0]
ARM GAS  /tmp/ccQNdv8R.s 			page 2


  61 0006 054B     		ldr	r3, .L6
  62 0008 9C46     		mov	ip, r3
  63 000a 6044     		add	r0, r0, ip
  64 000c 1421     		movs	r1, #20
  65 000e FFF7FEFF 		bl	__aeabi_uidiv
  66 0012 8000     		lsls	r0, r0, #2
  67 0014 2064     		str	r0, [r4, #64]
  68 0016 024B     		ldr	r3, .L6+4
  69 0018 E363     		str	r3, [r4, #60]
  70              		@ sp needed
  71 001a 10BD     		pop	{r4, pc}
  72              	.L7:
  73              		.align	2
  74              	.L6:
  75 001c F8FFFDBF 		.word	-1073872904
  76 0020 00000240 		.word	1073872896
  78              		.section	.text.HAL_DMA_Init,"ax",%progbits
  79              		.align	1
  80              		.global	HAL_DMA_Init
  81              		.syntax unified
  82              		.code	16
  83              		.thumb_func
  85              	HAL_DMA_Init:
  86              		@ args = 0, pretend = 0, frame = 0
  87              		@ frame_needed = 0, uses_anonymous_args = 0
  88 0000 70B5     		push	{r4, r5, r6, lr}
  89 0002 041E     		subs	r4, r0, #0
  90 0004 20D0     		beq	.L10
  91 0006 2125     		movs	r5, #33
  92 0008 0223     		movs	r3, #2
  93 000a 4355     		strb	r3, [r0, r5]
  94 000c 0168     		ldr	r1, [r0]
  95 000e 0A68     		ldr	r2, [r1]
  96 0010 0E4B     		ldr	r3, .L11
  97 0012 1A40     		ands	r2, r3
  98 0014 4368     		ldr	r3, [r0, #4]
  99 0016 8068     		ldr	r0, [r0, #8]
 100 0018 0343     		orrs	r3, r0
 101 001a E068     		ldr	r0, [r4, #12]
 102 001c 0343     		orrs	r3, r0
 103 001e 2069     		ldr	r0, [r4, #16]
 104 0020 0343     		orrs	r3, r0
 105 0022 6069     		ldr	r0, [r4, #20]
 106 0024 0343     		orrs	r3, r0
 107 0026 A069     		ldr	r0, [r4, #24]
 108 0028 0343     		orrs	r3, r0
 109 002a E069     		ldr	r0, [r4, #28]
 110 002c 0343     		orrs	r3, r0
 111 002e 1343     		orrs	r3, r2
 112 0030 0B60     		str	r3, [r1]
 113 0032 2000     		movs	r0, r4
 114 0034 FFF7FEFF 		bl	DMA_CalcBaseAndBitshift
 115 0038 0023     		movs	r3, #0
 116 003a A363     		str	r3, [r4, #56]
 117 003c 0122     		movs	r2, #1
 118 003e 6255     		strb	r2, [r4, r5]
 119 0040 1F32     		adds	r2, r2, #31
ARM GAS  /tmp/ccQNdv8R.s 			page 3


 120 0042 A354     		strb	r3, [r4, r2]
 121 0044 0020     		movs	r0, #0
 122              	.L9:
 123              		@ sp needed
 124 0046 70BD     		pop	{r4, r5, r6, pc}
 125              	.L10:
 126 0048 0120     		movs	r0, #1
 127 004a FCE7     		b	.L9
 128              	.L12:
 129              		.align	2
 130              	.L11:
 131 004c 0FC0FFFF 		.word	-16369
 133              		.section	.text.HAL_DMA_DeInit,"ax",%progbits
 134              		.align	1
 135              		.global	HAL_DMA_DeInit
 136              		.syntax unified
 137              		.code	16
 138              		.thumb_func
 140              	HAL_DMA_DeInit:
 141              		@ args = 0, pretend = 0, frame = 0
 142              		@ frame_needed = 0, uses_anonymous_args = 0
 143 0000 70B5     		push	{r4, r5, r6, lr}
 144 0002 041E     		subs	r4, r0, #0
 145 0004 1ED0     		beq	.L15
 146 0006 0268     		ldr	r2, [r0]
 147 0008 1368     		ldr	r3, [r2]
 148 000a 0126     		movs	r6, #1
 149 000c B343     		bics	r3, r6
 150 000e 1360     		str	r3, [r2]
 151 0010 0368     		ldr	r3, [r0]
 152 0012 0025     		movs	r5, #0
 153 0014 1D60     		str	r5, [r3]
 154 0016 0368     		ldr	r3, [r0]
 155 0018 5D60     		str	r5, [r3, #4]
 156 001a 0368     		ldr	r3, [r0]
 157 001c 9D60     		str	r5, [r3, #8]
 158 001e 0368     		ldr	r3, [r0]
 159 0020 DD60     		str	r5, [r3, #12]
 160 0022 FFF7FEFF 		bl	DMA_CalcBaseAndBitshift
 161 0026 226C     		ldr	r2, [r4, #64]
 162 0028 E36B     		ldr	r3, [r4, #60]
 163 002a 9640     		lsls	r6, r6, r2
 164 002c 5E60     		str	r6, [r3, #4]
 165 002e A562     		str	r5, [r4, #40]
 166 0030 E562     		str	r5, [r4, #44]
 167 0032 2563     		str	r5, [r4, #48]
 168 0034 6563     		str	r5, [r4, #52]
 169 0036 A563     		str	r5, [r4, #56]
 170 0038 2123     		movs	r3, #33
 171 003a E554     		strb	r5, [r4, r3]
 172 003c 013B     		subs	r3, r3, #1
 173 003e E554     		strb	r5, [r4, r3]
 174 0040 0020     		movs	r0, #0
 175              	.L14:
 176              		@ sp needed
 177 0042 70BD     		pop	{r4, r5, r6, pc}
 178              	.L15:
ARM GAS  /tmp/ccQNdv8R.s 			page 4


 179 0044 0120     		movs	r0, #1
 180 0046 FCE7     		b	.L14
 182              		.section	.text.HAL_DMA_Start,"ax",%progbits
 183              		.align	1
 184              		.global	HAL_DMA_Start
 185              		.syntax unified
 186              		.code	16
 187              		.thumb_func
 189              	HAL_DMA_Start:
 190              		@ args = 0, pretend = 0, frame = 0
 191              		@ frame_needed = 0, uses_anonymous_args = 0
 192 0000 70B5     		push	{r4, r5, r6, lr}
 193 0002 0400     		movs	r4, r0
 194 0004 2020     		movs	r0, #32
 195 0006 205C     		ldrb	r0, [r4, r0]
 196 0008 0128     		cmp	r0, #1
 197 000a 1ED0     		beq	.L19
 198 000c 2020     		movs	r0, #32
 199 000e 0125     		movs	r5, #1
 200 0010 2554     		strb	r5, [r4, r0]
 201 0012 0130     		adds	r0, r0, #1
 202 0014 205C     		ldrb	r0, [r4, r0]
 203 0016 0128     		cmp	r0, #1
 204 0018 04D0     		beq	.L20
 205 001a 2023     		movs	r3, #32
 206 001c 0022     		movs	r2, #0
 207 001e E254     		strb	r2, [r4, r3]
 208 0020 0220     		movs	r0, #2
 209              	.L17:
 210              		@ sp needed
 211 0022 70BD     		pop	{r4, r5, r6, pc}
 212              	.L20:
 213 0024 2030     		adds	r0, r0, #32
 214 0026 0135     		adds	r5, r5, #1
 215 0028 2554     		strb	r5, [r4, r0]
 216 002a 0020     		movs	r0, #0
 217 002c A063     		str	r0, [r4, #56]
 218 002e 2668     		ldr	r6, [r4]
 219 0030 3068     		ldr	r0, [r6]
 220 0032 013D     		subs	r5, r5, #1
 221 0034 A843     		bics	r0, r5
 222 0036 3060     		str	r0, [r6]
 223 0038 2000     		movs	r0, r4
 224 003a FFF7FEFF 		bl	DMA_SetConfig
 225 003e 2268     		ldr	r2, [r4]
 226 0040 1368     		ldr	r3, [r2]
 227 0042 2B43     		orrs	r3, r5
 228 0044 1360     		str	r3, [r2]
 229 0046 0020     		movs	r0, #0
 230 0048 EBE7     		b	.L17
 231              	.L19:
 232 004a 0220     		movs	r0, #2
 233 004c E9E7     		b	.L17
 235              		.section	.text.HAL_DMA_Start_IT,"ax",%progbits
 236              		.align	1
 237              		.global	HAL_DMA_Start_IT
 238              		.syntax unified
ARM GAS  /tmp/ccQNdv8R.s 			page 5


 239              		.code	16
 240              		.thumb_func
 242              	HAL_DMA_Start_IT:
 243              		@ args = 0, pretend = 0, frame = 0
 244              		@ frame_needed = 0, uses_anonymous_args = 0
 245 0000 70B5     		push	{r4, r5, r6, lr}
 246 0002 0400     		movs	r4, r0
 247 0004 2020     		movs	r0, #32
 248 0006 205C     		ldrb	r0, [r4, r0]
 249 0008 0128     		cmp	r0, #1
 250 000a 32D0     		beq	.L26
 251 000c 2020     		movs	r0, #32
 252 000e 0125     		movs	r5, #1
 253 0010 2554     		strb	r5, [r4, r0]
 254 0012 0130     		adds	r0, r0, #1
 255 0014 205C     		ldrb	r0, [r4, r0]
 256 0016 0128     		cmp	r0, #1
 257 0018 04D0     		beq	.L27
 258 001a 2023     		movs	r3, #32
 259 001c 0022     		movs	r2, #0
 260 001e E254     		strb	r2, [r4, r3]
 261 0020 0220     		movs	r0, #2
 262              	.L22:
 263              		@ sp needed
 264 0022 70BD     		pop	{r4, r5, r6, pc}
 265              	.L27:
 266 0024 2030     		adds	r0, r0, #32
 267 0026 0135     		adds	r5, r5, #1
 268 0028 2554     		strb	r5, [r4, r0]
 269 002a 0020     		movs	r0, #0
 270 002c A063     		str	r0, [r4, #56]
 271 002e 2568     		ldr	r5, [r4]
 272 0030 2868     		ldr	r0, [r5]
 273 0032 0126     		movs	r6, #1
 274 0034 B043     		bics	r0, r6
 275 0036 2860     		str	r0, [r5]
 276 0038 2000     		movs	r0, r4
 277 003a FFF7FEFF 		bl	DMA_SetConfig
 278 003e E36A     		ldr	r3, [r4, #44]
 279 0040 002B     		cmp	r3, #0
 280 0042 0BD0     		beq	.L24
 281 0044 2268     		ldr	r2, [r4]
 282 0046 1368     		ldr	r3, [r2]
 283 0048 0E21     		movs	r1, #14
 284 004a 0B43     		orrs	r3, r1
 285 004c 1360     		str	r3, [r2]
 286              	.L25:
 287 004e 2268     		ldr	r2, [r4]
 288 0050 1368     		ldr	r3, [r2]
 289 0052 0121     		movs	r1, #1
 290 0054 0B43     		orrs	r3, r1
 291 0056 1360     		str	r3, [r2]
 292 0058 0020     		movs	r0, #0
 293 005a E2E7     		b	.L22
 294              	.L24:
 295 005c 2268     		ldr	r2, [r4]
 296 005e 1368     		ldr	r3, [r2]
ARM GAS  /tmp/ccQNdv8R.s 			page 6


 297 0060 0A21     		movs	r1, #10
 298 0062 0B43     		orrs	r3, r1
 299 0064 1360     		str	r3, [r2]
 300 0066 2268     		ldr	r2, [r4]
 301 0068 1368     		ldr	r3, [r2]
 302 006a 0639     		subs	r1, r1, #6
 303 006c 8B43     		bics	r3, r1
 304 006e 1360     		str	r3, [r2]
 305 0070 EDE7     		b	.L25
 306              	.L26:
 307 0072 0220     		movs	r0, #2
 308 0074 D5E7     		b	.L22
 310              		.section	.text.HAL_DMA_Abort,"ax",%progbits
 311              		.align	1
 312              		.global	HAL_DMA_Abort
 313              		.syntax unified
 314              		.code	16
 315              		.thumb_func
 317              	HAL_DMA_Abort:
 318              		@ args = 0, pretend = 0, frame = 0
 319              		@ frame_needed = 0, uses_anonymous_args = 0
 320 0000 10B5     		push	{r4, lr}
 321 0002 2123     		movs	r3, #33
 322 0004 C35C     		ldrb	r3, [r0, r3]
 323 0006 022B     		cmp	r3, #2
 324 0008 06D0     		beq	.L29
 325 000a 0423     		movs	r3, #4
 326 000c 8363     		str	r3, [r0, #56]
 327 000e 1C33     		adds	r3, r3, #28
 328 0010 0022     		movs	r2, #0
 329 0012 C254     		strb	r2, [r0, r3]
 330 0014 0120     		movs	r0, #1
 331              	.L30:
 332              		@ sp needed
 333 0016 10BD     		pop	{r4, pc}
 334              	.L29:
 335 0018 0268     		ldr	r2, [r0]
 336 001a 1368     		ldr	r3, [r2]
 337 001c 0E21     		movs	r1, #14
 338 001e 8B43     		bics	r3, r1
 339 0020 1360     		str	r3, [r2]
 340 0022 0168     		ldr	r1, [r0]
 341 0024 0A68     		ldr	r2, [r1]
 342 0026 0123     		movs	r3, #1
 343 0028 9A43     		bics	r2, r3
 344 002a 0A60     		str	r2, [r1]
 345 002c 016C     		ldr	r1, [r0, #64]
 346 002e C26B     		ldr	r2, [r0, #60]
 347 0030 1C00     		movs	r4, r3
 348 0032 8C40     		lsls	r4, r4, r1
 349 0034 5460     		str	r4, [r2, #4]
 350 0036 2122     		movs	r2, #33
 351 0038 8354     		strb	r3, [r0, r2]
 352 003a 1F33     		adds	r3, r3, #31
 353 003c 0022     		movs	r2, #0
 354 003e C254     		strb	r2, [r0, r3]
 355 0040 0020     		movs	r0, #0
ARM GAS  /tmp/ccQNdv8R.s 			page 7


 356 0042 E8E7     		b	.L30
 358              		.section	.text.HAL_DMA_Abort_IT,"ax",%progbits
 359              		.align	1
 360              		.global	HAL_DMA_Abort_IT
 361              		.syntax unified
 362              		.code	16
 363              		.thumb_func
 365              	HAL_DMA_Abort_IT:
 366              		@ args = 0, pretend = 0, frame = 0
 367              		@ frame_needed = 0, uses_anonymous_args = 0
 368 0000 10B5     		push	{r4, lr}
 369 0002 2123     		movs	r3, #33
 370 0004 C35C     		ldrb	r3, [r0, r3]
 371 0006 022B     		cmp	r3, #2
 372 0008 03D0     		beq	.L32
 373 000a 0423     		movs	r3, #4
 374 000c 8363     		str	r3, [r0, #56]
 375 000e 0120     		movs	r0, #1
 376              	.L33:
 377              		@ sp needed
 378 0010 10BD     		pop	{r4, pc}
 379              	.L32:
 380 0012 0268     		ldr	r2, [r0]
 381 0014 1368     		ldr	r3, [r2]
 382 0016 0E21     		movs	r1, #14
 383 0018 8B43     		bics	r3, r1
 384 001a 1360     		str	r3, [r2]
 385 001c 0168     		ldr	r1, [r0]
 386 001e 0A68     		ldr	r2, [r1]
 387 0020 0123     		movs	r3, #1
 388 0022 9A43     		bics	r2, r3
 389 0024 0A60     		str	r2, [r1]
 390 0026 016C     		ldr	r1, [r0, #64]
 391 0028 C26B     		ldr	r2, [r0, #60]
 392 002a 1C00     		movs	r4, r3
 393 002c 8C40     		lsls	r4, r4, r1
 394 002e 5460     		str	r4, [r2, #4]
 395 0030 2122     		movs	r2, #33
 396 0032 8354     		strb	r3, [r0, r2]
 397 0034 1F33     		adds	r3, r3, #31
 398 0036 0022     		movs	r2, #0
 399 0038 C254     		strb	r2, [r0, r3]
 400 003a 436B     		ldr	r3, [r0, #52]
 401 003c 002B     		cmp	r3, #0
 402 003e 02D0     		beq	.L34
 403 0040 9847     		blx	r3
 404 0042 0020     		movs	r0, #0
 405 0044 E4E7     		b	.L33
 406              	.L34:
 407 0046 0020     		movs	r0, #0
 408 0048 E2E7     		b	.L33
 410              		.section	.text.HAL_DMA_PollForTransfer,"ax",%progbits
 411              		.align	1
 412              		.global	HAL_DMA_PollForTransfer
 413              		.syntax unified
 414              		.code	16
 415              		.thumb_func
ARM GAS  /tmp/ccQNdv8R.s 			page 8


 417              	HAL_DMA_PollForTransfer:
 418              		@ args = 0, pretend = 0, frame = 8
 419              		@ frame_needed = 0, uses_anonymous_args = 0
 420 0000 F0B5     		push	{r4, r5, r6, r7, lr}
 421 0002 83B0     		sub	sp, sp, #12
 422 0004 0600     		movs	r6, r0
 423 0006 0C00     		movs	r4, r1
 424 0008 1700     		movs	r7, r2
 425 000a 2123     		movs	r3, #33
 426 000c C35C     		ldrb	r3, [r0, r3]
 427 000e 022B     		cmp	r3, #2
 428 0010 07D0     		beq	.L36
 429 0012 0423     		movs	r3, #4
 430 0014 8363     		str	r3, [r0, #56]
 431 0016 1C33     		adds	r3, r3, #28
 432 0018 0022     		movs	r2, #0
 433 001a C254     		strb	r2, [r0, r3]
 434 001c 0120     		movs	r0, #1
 435              	.L37:
 436 001e 03B0     		add	sp, sp, #12
 437              		@ sp needed
 438 0020 F0BD     		pop	{r4, r5, r6, r7, pc}
 439              	.L36:
 440 0022 0368     		ldr	r3, [r0]
 441 0024 1B68     		ldr	r3, [r3]
 442 0026 9B06     		lsls	r3, r3, #26
 443 0028 24D4     		bmi	.L49
 444 002a 0029     		cmp	r1, #0
 445 002c 27D1     		bne	.L39
 446 002e 036C     		ldr	r3, [r0, #64]
 447 0030 0225     		movs	r5, #2
 448 0032 9D40     		lsls	r5, r5, r3
 449              	.L40:
 450 0034 FFF7FEFF 		bl	HAL_GetTick
 451 0038 0190     		str	r0, [sp, #4]
 452              	.L43:
 453 003a F16B     		ldr	r1, [r6, #60]
 454 003c 0B68     		ldr	r3, [r1]
 455 003e 1D42     		tst	r5, r3
 456 0040 2DD1     		bne	.L50
 457 0042 0868     		ldr	r0, [r1]
 458 0044 326C     		ldr	r2, [r6, #64]
 459 0046 0823     		movs	r3, #8
 460 0048 9340     		lsls	r3, r3, r2
 461 004a 0342     		tst	r3, r0
 462 004c 1BD1     		bne	.L51
 463 004e 7B1C     		adds	r3, r7, #1
 464 0050 F3D0     		beq	.L43
 465 0052 002F     		cmp	r7, #0
 466 0054 05D0     		beq	.L44
 467 0056 FFF7FEFF 		bl	HAL_GetTick
 468 005a 019B     		ldr	r3, [sp, #4]
 469 005c C01A     		subs	r0, r0, r3
 470 005e B842     		cmp	r0, r7
 471 0060 EBD9     		bls	.L43
 472              	.L44:
 473 0062 2023     		movs	r3, #32
ARM GAS  /tmp/ccQNdv8R.s 			page 9


 474 0064 B363     		str	r3, [r6, #56]
 475 0066 2122     		movs	r2, #33
 476 0068 0121     		movs	r1, #1
 477 006a B154     		strb	r1, [r6, r2]
 478 006c 0022     		movs	r2, #0
 479 006e F254     		strb	r2, [r6, r3]
 480 0070 0120     		movs	r0, #1
 481 0072 D4E7     		b	.L37
 482              	.L49:
 483 0074 8023     		movs	r3, #128
 484 0076 5B00     		lsls	r3, r3, #1
 485 0078 8363     		str	r3, [r0, #56]
 486 007a 0120     		movs	r0, #1
 487 007c CFE7     		b	.L37
 488              	.L39:
 489 007e 036C     		ldr	r3, [r0, #64]
 490 0080 0425     		movs	r5, #4
 491 0082 9D40     		lsls	r5, r5, r3
 492 0084 D6E7     		b	.L40
 493              	.L51:
 494 0086 0123     		movs	r3, #1
 495 0088 1800     		movs	r0, r3
 496 008a 9040     		lsls	r0, r0, r2
 497 008c 4860     		str	r0, [r1, #4]
 498 008e B363     		str	r3, [r6, #56]
 499 0090 2122     		movs	r2, #33
 500 0092 B354     		strb	r3, [r6, r2]
 501 0094 1F33     		adds	r3, r3, #31
 502 0096 0022     		movs	r2, #0
 503 0098 F254     		strb	r2, [r6, r3]
 504 009a 0120     		movs	r0, #1
 505 009c BFE7     		b	.L37
 506              	.L50:
 507 009e 002C     		cmp	r4, #0
 508 00a0 0BD1     		bne	.L46
 509 00a2 326C     		ldr	r2, [r6, #64]
 510 00a4 0223     		movs	r3, #2
 511 00a6 9340     		lsls	r3, r3, r2
 512 00a8 4B60     		str	r3, [r1, #4]
 513 00aa 2123     		movs	r3, #33
 514 00ac 0122     		movs	r2, #1
 515 00ae F254     		strb	r2, [r6, r3]
 516              	.L47:
 517 00b0 2023     		movs	r3, #32
 518 00b2 0022     		movs	r2, #0
 519 00b4 F254     		strb	r2, [r6, r3]
 520 00b6 0020     		movs	r0, #0
 521 00b8 B1E7     		b	.L37
 522              	.L46:
 523 00ba 326C     		ldr	r2, [r6, #64]
 524 00bc 0423     		movs	r3, #4
 525 00be 9340     		lsls	r3, r3, r2
 526 00c0 4B60     		str	r3, [r1, #4]
 527 00c2 F5E7     		b	.L47
 529              		.section	.text.HAL_DMA_IRQHandler,"ax",%progbits
 530              		.align	1
 531              		.global	HAL_DMA_IRQHandler
ARM GAS  /tmp/ccQNdv8R.s 			page 10


 532              		.syntax unified
 533              		.code	16
 534              		.thumb_func
 536              	HAL_DMA_IRQHandler:
 537              		@ args = 0, pretend = 0, frame = 0
 538              		@ frame_needed = 0, uses_anonymous_args = 0
 539 0000 70B5     		push	{r4, r5, r6, lr}
 540 0002 C36B     		ldr	r3, [r0, #60]
 541 0004 1A68     		ldr	r2, [r3]
 542 0006 0468     		ldr	r4, [r0]
 543 0008 2568     		ldr	r5, [r4]
 544 000a 016C     		ldr	r1, [r0, #64]
 545 000c 0423     		movs	r3, #4
 546 000e 8B40     		lsls	r3, r3, r1
 547 0010 1A42     		tst	r2, r3
 548 0012 12D0     		beq	.L53
 549 0014 6B07     		lsls	r3, r5, #29
 550 0016 10D5     		bpl	.L53
 551 0018 2368     		ldr	r3, [r4]
 552 001a 9B06     		lsls	r3, r3, #26
 553 001c 03D4     		bmi	.L54
 554 001e 2368     		ldr	r3, [r4]
 555 0020 0422     		movs	r2, #4
 556 0022 9343     		bics	r3, r2
 557 0024 2360     		str	r3, [r4]
 558              	.L54:
 559 0026 016C     		ldr	r1, [r0, #64]
 560 0028 C26B     		ldr	r2, [r0, #60]
 561 002a 0423     		movs	r3, #4
 562 002c 8B40     		lsls	r3, r3, r1
 563 002e 5360     		str	r3, [r2, #4]
 564 0030 C36A     		ldr	r3, [r0, #44]
 565 0032 002B     		cmp	r3, #0
 566 0034 00D0     		beq	.L52
 567 0036 9847     		blx	r3
 568              	.L52:
 569              		@ sp needed
 570 0038 70BD     		pop	{r4, r5, r6, pc}
 571              	.L53:
 572 003a 0223     		movs	r3, #2
 573 003c 8B40     		lsls	r3, r3, r1
 574 003e 1A42     		tst	r2, r3
 575 0040 18D0     		beq	.L56
 576 0042 AB07     		lsls	r3, r5, #30
 577 0044 16D5     		bpl	.L56
 578 0046 2368     		ldr	r3, [r4]
 579 0048 9B06     		lsls	r3, r3, #26
 580 004a 06D4     		bmi	.L57
 581 004c 2368     		ldr	r3, [r4]
 582 004e 0A22     		movs	r2, #10
 583 0050 9343     		bics	r3, r2
 584 0052 2360     		str	r3, [r4]
 585 0054 2123     		movs	r3, #33
 586 0056 093A     		subs	r2, r2, #9
 587 0058 C254     		strb	r2, [r0, r3]
 588              	.L57:
 589 005a 016C     		ldr	r1, [r0, #64]
ARM GAS  /tmp/ccQNdv8R.s 			page 11


 590 005c C26B     		ldr	r2, [r0, #60]
 591 005e 0223     		movs	r3, #2
 592 0060 8B40     		lsls	r3, r3, r1
 593 0062 5360     		str	r3, [r2, #4]
 594 0064 2023     		movs	r3, #32
 595 0066 0022     		movs	r2, #0
 596 0068 C254     		strb	r2, [r0, r3]
 597 006a 836A     		ldr	r3, [r0, #40]
 598 006c 002B     		cmp	r3, #0
 599 006e E3D0     		beq	.L52
 600 0070 9847     		blx	r3
 601 0072 E1E7     		b	.L52
 602              	.L56:
 603 0074 0823     		movs	r3, #8
 604 0076 8B40     		lsls	r3, r3, r1
 605 0078 1A42     		tst	r2, r3
 606 007a DDD0     		beq	.L52
 607 007c 2D07     		lsls	r5, r5, #28
 608 007e DBD5     		bpl	.L52
 609 0080 2368     		ldr	r3, [r4]
 610 0082 0E22     		movs	r2, #14
 611 0084 9343     		bics	r3, r2
 612 0086 2360     		str	r3, [r4]
 613 0088 016C     		ldr	r1, [r0, #64]
 614 008a C26B     		ldr	r2, [r0, #60]
 615 008c 0123     		movs	r3, #1
 616 008e 1C00     		movs	r4, r3
 617 0090 8C40     		lsls	r4, r4, r1
 618 0092 5460     		str	r4, [r2, #4]
 619 0094 8363     		str	r3, [r0, #56]
 620 0096 2122     		movs	r2, #33
 621 0098 8354     		strb	r3, [r0, r2]
 622 009a 1F33     		adds	r3, r3, #31
 623 009c 0022     		movs	r2, #0
 624 009e C254     		strb	r2, [r0, r3]
 625 00a0 036B     		ldr	r3, [r0, #48]
 626 00a2 002B     		cmp	r3, #0
 627 00a4 C8D0     		beq	.L52
 628 00a6 9847     		blx	r3
 629 00a8 C6E7     		b	.L52
 631              		.section	.text.HAL_DMA_RegisterCallback,"ax",%progbits
 632              		.align	1
 633              		.global	HAL_DMA_RegisterCallback
 634              		.syntax unified
 635              		.code	16
 636              		.thumb_func
 638              	HAL_DMA_RegisterCallback:
 639              		@ args = 0, pretend = 0, frame = 0
 640              		@ frame_needed = 0, uses_anonymous_args = 0
 641 0000 10B5     		push	{r4, lr}
 642 0002 0300     		movs	r3, r0
 643 0004 2020     		movs	r0, #32
 644 0006 185C     		ldrb	r0, [r3, r0]
 645 0008 0128     		cmp	r0, #1
 646 000a 21D0     		beq	.L71
 647 000c 2020     		movs	r0, #32
 648 000e 0124     		movs	r4, #1
ARM GAS  /tmp/ccQNdv8R.s 			page 12


 649 0010 1C54     		strb	r4, [r3, r0]
 650 0012 0130     		adds	r0, r0, #1
 651 0014 1C5C     		ldrb	r4, [r3, r0]
 652 0016 E0B2     		uxtb	r0, r4
 653 0018 012C     		cmp	r4, #1
 654 001a 04D0     		beq	.L73
 655 001c 0120     		movs	r0, #1
 656              	.L65:
 657 001e 2022     		movs	r2, #32
 658 0020 0021     		movs	r1, #0
 659 0022 9954     		strb	r1, [r3, r2]
 660              	.L64:
 661              		@ sp needed
 662 0024 10BD     		pop	{r4, pc}
 663              	.L73:
 664 0026 0229     		cmp	r1, #2
 665 0028 0FD0     		beq	.L66
 666 002a 06D8     		bhi	.L67
 667 002c 0029     		cmp	r1, #0
 668 002e 09D0     		beq	.L68
 669 0030 0129     		cmp	r1, #1
 670 0032 F4D1     		bne	.L65
 671 0034 DA62     		str	r2, [r3, #44]
 672 0036 0020     		movs	r0, #0
 673 0038 F1E7     		b	.L65
 674              	.L67:
 675 003a 0329     		cmp	r1, #3
 676 003c EFD1     		bne	.L65
 677 003e 5A63     		str	r2, [r3, #52]
 678 0040 0020     		movs	r0, #0
 679 0042 ECE7     		b	.L65
 680              	.L68:
 681 0044 9A62     		str	r2, [r3, #40]
 682 0046 0800     		movs	r0, r1
 683 0048 E9E7     		b	.L65
 684              	.L66:
 685 004a 1A63     		str	r2, [r3, #48]
 686 004c 0020     		movs	r0, #0
 687 004e E6E7     		b	.L65
 688              	.L71:
 689 0050 0220     		movs	r0, #2
 690 0052 E7E7     		b	.L64
 692              		.section	.text.HAL_DMA_UnRegisterCallback,"ax",%progbits
 693              		.align	1
 694              		.global	HAL_DMA_UnRegisterCallback
 695              		.syntax unified
 696              		.code	16
 697              		.thumb_func
 699              	HAL_DMA_UnRegisterCallback:
 700              		@ args = 0, pretend = 0, frame = 0
 701              		@ frame_needed = 0, uses_anonymous_args = 0
 702              		@ link register save eliminated.
 703 0000 0300     		movs	r3, r0
 704 0002 2022     		movs	r2, #32
 705 0004 825C     		ldrb	r2, [r0, r2]
 706 0006 012A     		cmp	r2, #1
 707 0008 29D0     		beq	.L83
ARM GAS  /tmp/ccQNdv8R.s 			page 13


 708 000a 2022     		movs	r2, #32
 709 000c 0120     		movs	r0, #1
 710 000e 9854     		strb	r0, [r3, r2]
 711 0010 0132     		adds	r2, r2, #1
 712 0012 9A5C     		ldrb	r2, [r3, r2]
 713 0014 D0B2     		uxtb	r0, r2
 714 0016 012A     		cmp	r2, #1
 715 0018 04D0     		beq	.L85
 716 001a 0120     		movs	r0, #1
 717              	.L76:
 718 001c 2022     		movs	r2, #32
 719 001e 0021     		movs	r1, #0
 720 0020 9954     		strb	r1, [r3, r2]
 721              	.L75:
 722              		@ sp needed
 723 0022 7047     		bx	lr
 724              	.L85:
 725 0024 0429     		cmp	r1, #4
 726 0026 F9D8     		bhi	.L76
 727 0028 8A00     		lsls	r2, r1, #2
 728 002a 0E48     		ldr	r0, .L86
 729 002c 8258     		ldr	r2, [r0, r2]
 730 002e 9746     		mov	pc, r2
 731              		.section	.rodata.HAL_DMA_UnRegisterCallback,"a",%progbits
 732              		.align	2
 733              	.L78:
 734 0000 30000000 		.word	.L82
 735 0004 38000000 		.word	.L81
 736 0008 40000000 		.word	.L80
 737 000c 48000000 		.word	.L79
 738 0010 50000000 		.word	.L77
 739              		.section	.text.HAL_DMA_UnRegisterCallback
 740              	.L82:
 741 0030 0022     		movs	r2, #0
 742 0032 9A62     		str	r2, [r3, #40]
 743 0034 0800     		movs	r0, r1
 744 0036 F1E7     		b	.L76
 745              	.L81:
 746 0038 0022     		movs	r2, #0
 747 003a DA62     		str	r2, [r3, #44]
 748 003c 0020     		movs	r0, #0
 749 003e EDE7     		b	.L76
 750              	.L80:
 751 0040 0022     		movs	r2, #0
 752 0042 1A63     		str	r2, [r3, #48]
 753 0044 0020     		movs	r0, #0
 754 0046 E9E7     		b	.L76
 755              	.L79:
 756 0048 0022     		movs	r2, #0
 757 004a 5A63     		str	r2, [r3, #52]
 758 004c 0020     		movs	r0, #0
 759 004e E5E7     		b	.L76
 760              	.L77:
 761 0050 0022     		movs	r2, #0
 762 0052 9A62     		str	r2, [r3, #40]
 763 0054 DA62     		str	r2, [r3, #44]
 764 0056 1A63     		str	r2, [r3, #48]
ARM GAS  /tmp/ccQNdv8R.s 			page 14


 765 0058 5A63     		str	r2, [r3, #52]
 766 005a 0020     		movs	r0, #0
 767 005c DEE7     		b	.L76
 768              	.L83:
 769 005e 0220     		movs	r0, #2
 770 0060 DFE7     		b	.L75
 771              	.L87:
 772 0062 C046     		.align	2
 773              	.L86:
 774 0064 00000000 		.word	.L78
 776              		.section	.text.HAL_DMA_GetState,"ax",%progbits
 777              		.align	1
 778              		.global	HAL_DMA_GetState
 779              		.syntax unified
 780              		.code	16
 781              		.thumb_func
 783              	HAL_DMA_GetState:
 784              		@ args = 0, pretend = 0, frame = 0
 785              		@ frame_needed = 0, uses_anonymous_args = 0
 786              		@ link register save eliminated.
 787 0000 2123     		movs	r3, #33
 788 0002 C05C     		ldrb	r0, [r0, r3]
 789 0004 C0B2     		uxtb	r0, r0
 790              		@ sp needed
 791 0006 7047     		bx	lr
 793              		.section	.text.HAL_DMA_GetError,"ax",%progbits
 794              		.align	1
 795              		.global	HAL_DMA_GetError
 796              		.syntax unified
 797              		.code	16
 798              		.thumb_func
 800              	HAL_DMA_GetError:
 801              		@ args = 0, pretend = 0, frame = 0
 802              		@ frame_needed = 0, uses_anonymous_args = 0
 803              		@ link register save eliminated.
 804 0000 806B     		ldr	r0, [r0, #56]
 805              		@ sp needed
 806 0002 7047     		bx	lr
 808              		.global	__aeabi_uidiv
 809              		.ident	"GCC: (Arch Repository) 14.2.0"
ARM GAS  /tmp/ccQNdv8R.s 			page 15


DEFINED SYMBOLS
                            *ABS*:00000000 stm32f0xx_hal_dma.c
     /tmp/ccQNdv8R.s:16     .text.DMA_SetConfig:00000000 $t
     /tmp/ccQNdv8R.s:21     .text.DMA_SetConfig:00000000 DMA_SetConfig
     /tmp/ccQNdv8R.s:50     .text.DMA_CalcBaseAndBitshift:00000000 $t
     /tmp/ccQNdv8R.s:55     .text.DMA_CalcBaseAndBitshift:00000000 DMA_CalcBaseAndBitshift
     /tmp/ccQNdv8R.s:75     .text.DMA_CalcBaseAndBitshift:0000001c $d
     /tmp/ccQNdv8R.s:79     .text.HAL_DMA_Init:00000000 $t
     /tmp/ccQNdv8R.s:85     .text.HAL_DMA_Init:00000000 HAL_DMA_Init
     /tmp/ccQNdv8R.s:131    .text.HAL_DMA_Init:0000004c $d
     /tmp/ccQNdv8R.s:134    .text.HAL_DMA_DeInit:00000000 $t
     /tmp/ccQNdv8R.s:140    .text.HAL_DMA_DeInit:00000000 HAL_DMA_DeInit
     /tmp/ccQNdv8R.s:183    .text.HAL_DMA_Start:00000000 $t
     /tmp/ccQNdv8R.s:189    .text.HAL_DMA_Start:00000000 HAL_DMA_Start
     /tmp/ccQNdv8R.s:236    .text.HAL_DMA_Start_IT:00000000 $t
     /tmp/ccQNdv8R.s:242    .text.HAL_DMA_Start_IT:00000000 HAL_DMA_Start_IT
     /tmp/ccQNdv8R.s:311    .text.HAL_DMA_Abort:00000000 $t
     /tmp/ccQNdv8R.s:317    .text.HAL_DMA_Abort:00000000 HAL_DMA_Abort
     /tmp/ccQNdv8R.s:359    .text.HAL_DMA_Abort_IT:00000000 $t
     /tmp/ccQNdv8R.s:365    .text.HAL_DMA_Abort_IT:00000000 HAL_DMA_Abort_IT
     /tmp/ccQNdv8R.s:411    .text.HAL_DMA_PollForTransfer:00000000 $t
     /tmp/ccQNdv8R.s:417    .text.HAL_DMA_PollForTransfer:00000000 HAL_DMA_PollForTransfer
     /tmp/ccQNdv8R.s:530    .text.HAL_DMA_IRQHandler:00000000 $t
     /tmp/ccQNdv8R.s:536    .text.HAL_DMA_IRQHandler:00000000 HAL_DMA_IRQHandler
     /tmp/ccQNdv8R.s:632    .text.HAL_DMA_RegisterCallback:00000000 $t
     /tmp/ccQNdv8R.s:638    .text.HAL_DMA_RegisterCallback:00000000 HAL_DMA_RegisterCallback
     /tmp/ccQNdv8R.s:693    .text.HAL_DMA_UnRegisterCallback:00000000 $t
     /tmp/ccQNdv8R.s:699    .text.HAL_DMA_UnRegisterCallback:00000000 HAL_DMA_UnRegisterCallback
     /tmp/ccQNdv8R.s:732    .rodata.HAL_DMA_UnRegisterCallback:00000000 $d
     /tmp/ccQNdv8R.s:774    .text.HAL_DMA_UnRegisterCallback:00000064 $d
     /tmp/ccQNdv8R.s:777    .text.HAL_DMA_GetState:00000000 $t
     /tmp/ccQNdv8R.s:783    .text.HAL_DMA_GetState:00000000 HAL_DMA_GetState
     /tmp/ccQNdv8R.s:794    .text.HAL_DMA_GetError:00000000 $t
     /tmp/ccQNdv8R.s:800    .text.HAL_DMA_GetError:00000000 HAL_DMA_GetError

UNDEFINED SYMBOLS
__aeabi_uidiv
HAL_GetTick
