ARM GAS  /tmp/ccdfxcaA.s 			page 1


   1              		.cpu cortex-m0
   2              		.arch armv6s-m
   3              		.fpu softvfp
   4              		.eabi_attribute 20, 1
   5              		.eabi_attribute 21, 1
   6              		.eabi_attribute 23, 3
   7              		.eabi_attribute 24, 1
   8              		.eabi_attribute 25, 1
   9              		.eabi_attribute 26, 1
  10              		.eabi_attribute 30, 1
  11              		.eabi_attribute 34, 0
  12              		.eabi_attribute 18, 4
  13              		.file	"system_stm32f0xx.c"
  14              		.text
  15              		.section	.text.SystemInit,"ax",%progbits
  16              		.align	1
  17              		.global	SystemInit
  18              		.syntax unified
  19              		.code	16
  20              		.thumb_func
  22              	SystemInit:
  23              		@ args = 0, pretend = 0, frame = 0
  24              		@ frame_needed = 0, uses_anonymous_args = 0
  25              		@ link register save eliminated.
  26              		@ sp needed
  27 0000 7047     		bx	lr
  29              		.section	.text.SystemCoreClockUpdate,"ax",%progbits
  30              		.align	1
  31              		.global	SystemCoreClockUpdate
  32              		.syntax unified
  33              		.code	16
  34              		.thumb_func
  36              	SystemCoreClockUpdate:
  37              		@ args = 0, pretend = 0, frame = 0
  38              		@ frame_needed = 0, uses_anonymous_args = 0
  39 0000 10B5     		push	{r4, lr}
  40 0002 254B     		ldr	r3, .L11
  41 0004 5A68     		ldr	r2, [r3, #4]
  42 0006 0C23     		movs	r3, #12
  43 0008 1340     		ands	r3, r2
  44 000a 042B     		cmp	r3, #4
  45 000c 12D0     		beq	.L3
  46 000e 082B     		cmp	r3, #8
  47 0010 14D0     		beq	.L4
  48 0012 002B     		cmp	r3, #0
  49 0014 3CD1     		bne	.L5
  50 0016 214B     		ldr	r3, .L11+4
  51 0018 214A     		ldr	r2, .L11+8
  52 001a 1A60     		str	r2, [r3]
  53              	.L6:
  54 001c 1E4B     		ldr	r3, .L11
  55 001e 5A68     		ldr	r2, [r3, #4]
  56 0020 1209     		lsrs	r2, r2, #4
  57 0022 0F23     		movs	r3, #15
  58 0024 1340     		ands	r3, r2
  59 0026 1F4A     		ldr	r2, .L11+12
  60 0028 D15C     		ldrb	r1, [r2, r3]
ARM GAS  /tmp/ccdfxcaA.s 			page 2


  61 002a 1C4A     		ldr	r2, .L11+4
  62 002c 1368     		ldr	r3, [r2]
  63 002e CB40     		lsrs	r3, r3, r1
  64 0030 1360     		str	r3, [r2]
  65              		@ sp needed
  66 0032 10BD     		pop	{r4, pc}
  67              	.L3:
  68 0034 194B     		ldr	r3, .L11+4
  69 0036 1A4A     		ldr	r2, .L11+8
  70 0038 1A60     		str	r2, [r3]
  71 003a EFE7     		b	.L6
  72              	.L4:
  73 003c 164A     		ldr	r2, .L11
  74 003e 5068     		ldr	r0, [r2, #4]
  75 0040 5368     		ldr	r3, [r2, #4]
  76 0042 C021     		movs	r1, #192
  77 0044 4902     		lsls	r1, r1, #9
  78 0046 0B40     		ands	r3, r1
  79 0048 800C     		lsrs	r0, r0, #18
  80 004a 0F21     		movs	r1, #15
  81 004c 0840     		ands	r0, r1
  82 004e 841C     		adds	r4, r0, #2
  83 0050 D26A     		ldr	r2, [r2, #44]
  84 0052 1140     		ands	r1, r2
  85 0054 0131     		adds	r1, r1, #1
  86 0056 8022     		movs	r2, #128
  87 0058 5202     		lsls	r2, r2, #9
  88 005a 9342     		cmp	r3, r2
  89 005c 0AD0     		beq	.L9
  90 005e C022     		movs	r2, #192
  91 0060 5202     		lsls	r2, r2, #9
  92 0062 9342     		cmp	r3, r2
  93 0064 0DD0     		beq	.L10
  94 0066 0E48     		ldr	r0, .L11+8
  95 0068 FFF7FEFF 		bl	__aeabi_uidiv
  96 006c 6043     		muls	r0, r4
  97 006e 0B4B     		ldr	r3, .L11+4
  98 0070 1860     		str	r0, [r3]
  99 0072 D3E7     		b	.L6
 100              	.L9:
 101 0074 0A48     		ldr	r0, .L11+8
 102 0076 FFF7FEFF 		bl	__aeabi_uidiv
 103 007a 6043     		muls	r0, r4
 104 007c 074B     		ldr	r3, .L11+4
 105 007e 1860     		str	r0, [r3]
 106 0080 CCE7     		b	.L6
 107              	.L10:
 108 0082 0948     		ldr	r0, .L11+16
 109 0084 FFF7FEFF 		bl	__aeabi_uidiv
 110 0088 6043     		muls	r0, r4
 111 008a 044B     		ldr	r3, .L11+4
 112 008c 1860     		str	r0, [r3]
 113 008e C5E7     		b	.L6
 114              	.L5:
 115 0090 024B     		ldr	r3, .L11+4
 116 0092 034A     		ldr	r2, .L11+8
 117 0094 1A60     		str	r2, [r3]
ARM GAS  /tmp/ccdfxcaA.s 			page 3


 118 0096 C1E7     		b	.L6
 119              	.L12:
 120              		.align	2
 121              	.L11:
 122 0098 00100240 		.word	1073876992
 123 009c 00000000 		.word	SystemCoreClock
 124 00a0 00127A00 		.word	8000000
 125 00a4 00000000 		.word	AHBPrescTable
 126 00a8 006CDC02 		.word	48000000
 128              		.global	APBPrescTable
 129              		.section	.rodata.APBPrescTable,"a"
 130              		.align	2
 133              	APBPrescTable:
 134 0000 00000000 		.ascii	"\000\000\000\000\001\002\003\004"
 134      01020304 
 135              		.global	AHBPrescTable
 136              		.section	.rodata.AHBPrescTable,"a"
 137              		.align	2
 140              	AHBPrescTable:
 141 0000 00000000 		.ascii	"\000\000\000\000\000\000\000\000\001\002\003\004\006"
 141      00000000 
 141      01020304 
 141      06
 142 000d 070809   		.ascii	"\007\010\011"
 143              		.global	SystemCoreClock
 144              		.section	.data.SystemCoreClock,"aw"
 145              		.align	2
 148              	SystemCoreClock:
 149 0000 00127A00 		.word	8000000
 150              		.global	__aeabi_uidiv
 151              		.ident	"GCC: (Arch Repository) 14.2.0"
ARM GAS  /tmp/ccdfxcaA.s 			page 4


DEFINED SYMBOLS
                            *ABS*:00000000 system_stm32f0xx.c
     /tmp/ccdfxcaA.s:16     .text.SystemInit:00000000 $t
     /tmp/ccdfxcaA.s:22     .text.SystemInit:00000000 SystemInit
     /tmp/ccdfxcaA.s:30     .text.SystemCoreClockUpdate:00000000 $t
     /tmp/ccdfxcaA.s:36     .text.SystemCoreClockUpdate:00000000 SystemCoreClockUpdate
     /tmp/ccdfxcaA.s:122    .text.SystemCoreClockUpdate:00000098 $d
     /tmp/ccdfxcaA.s:148    .data.SystemCoreClock:00000000 SystemCoreClock
     /tmp/ccdfxcaA.s:140    .rodata.AHBPrescTable:00000000 AHBPrescTable
     /tmp/ccdfxcaA.s:133    .rodata.APBPrescTable:00000000 APBPrescTable
     /tmp/ccdfxcaA.s:130    .rodata.APBPrescTable:00000000 $d
     /tmp/ccdfxcaA.s:137    .rodata.AHBPrescTable:00000000 $d
     /tmp/ccdfxcaA.s:145    .data.SystemCoreClock:00000000 $d

UNDEFINED SYMBOLS
__aeabi_uidiv
