ARM GAS  /tmp/ccJZqEZh.s 			page 1


   1              		.cpu cortex-m0
   2              		.arch armv6s-m
   3              		.fpu softvfp
   4              		.eabi_attribute 20, 1
   5              		.eabi_attribute 21, 1
   6              		.eabi_attribute 23, 3
   7              		.eabi_attribute 24, 1
   8              		.eabi_attribute 25, 1
   9              		.eabi_attribute 26, 1
  10              		.eabi_attribute 30, 1
  11              		.eabi_attribute 34, 0
  12              		.eabi_attribute 18, 4
  13              		.file	"usbd_hid.c"
  14              		.text
  15              		.section	.text.USBD_HID_GetFSCfgDesc,"ax",%progbits
  16              		.align	1
  17              		.syntax unified
  18              		.code	16
  19              		.thumb_func
  21              	USBD_HID_GetFSCfgDesc:
  22              		@ args = 0, pretend = 0, frame = 0
  23              		@ frame_needed = 0, uses_anonymous_args = 0
  24              		@ link register save eliminated.
  25 0000 2223     		movs	r3, #34
  26 0002 0380     		strh	r3, [r0]
  27 0004 0048     		ldr	r0, .L2
  28              		@ sp needed
  29 0006 7047     		bx	lr
  30              	.L3:
  31              		.align	2
  32              	.L2:
  33 0008 00000000 		.word	USBD_HID_CfgFSDesc
  35              		.section	.text.USBD_HID_GetHSCfgDesc,"ax",%progbits
  36              		.align	1
  37              		.syntax unified
  38              		.code	16
  39              		.thumb_func
  41              	USBD_HID_GetHSCfgDesc:
  42              		@ args = 0, pretend = 0, frame = 0
  43              		@ frame_needed = 0, uses_anonymous_args = 0
  44              		@ link register save eliminated.
  45 0000 2223     		movs	r3, #34
  46 0002 0380     		strh	r3, [r0]
  47 0004 0048     		ldr	r0, .L5
  48              		@ sp needed
  49 0006 7047     		bx	lr
  50              	.L6:
  51              		.align	2
  52              	.L5:
  53 0008 00000000 		.word	USBD_HID_CfgHSDesc
  55              		.section	.text.USBD_HID_GetOtherSpeedCfgDesc,"ax",%progbits
  56              		.align	1
  57              		.syntax unified
  58              		.code	16
  59              		.thumb_func
  61              	USBD_HID_GetOtherSpeedCfgDesc:
  62              		@ args = 0, pretend = 0, frame = 0
ARM GAS  /tmp/ccJZqEZh.s 			page 2


  63              		@ frame_needed = 0, uses_anonymous_args = 0
  64              		@ link register save eliminated.
  65 0000 2223     		movs	r3, #34
  66 0002 0380     		strh	r3, [r0]
  67 0004 0048     		ldr	r0, .L8
  68              		@ sp needed
  69 0006 7047     		bx	lr
  70              	.L9:
  71              		.align	2
  72              	.L8:
  73 0008 00000000 		.word	USBD_HID_OtherSpeedCfgDesc
  75              		.section	.text.USBD_HID_DataIn,"ax",%progbits
  76              		.align	1
  77              		.syntax unified
  78              		.code	16
  79              		.thumb_func
  81              	USBD_HID_DataIn:
  82              		@ args = 0, pretend = 0, frame = 0
  83              		@ frame_needed = 0, uses_anonymous_args = 0
  84              		@ link register save eliminated.
  85 0000 AE23     		movs	r3, #174
  86 0002 9B00     		lsls	r3, r3, #2
  87 0004 C358     		ldr	r3, [r0, r3]
  88 0006 0022     		movs	r2, #0
  89 0008 1A73     		strb	r2, [r3, #12]
  90 000a 0020     		movs	r0, #0
  91              		@ sp needed
  92 000c 7047     		bx	lr
  94              		.section	.text.USBD_HID_GetDeviceQualifierDesc,"ax",%progbits
  95              		.align	1
  96              		.syntax unified
  97              		.code	16
  98              		.thumb_func
 100              	USBD_HID_GetDeviceQualifierDesc:
 101              		@ args = 0, pretend = 0, frame = 0
 102              		@ frame_needed = 0, uses_anonymous_args = 0
 103              		@ link register save eliminated.
 104 0000 0A23     		movs	r3, #10
 105 0002 0380     		strh	r3, [r0]
 106 0004 0048     		ldr	r0, .L12
 107              		@ sp needed
 108 0006 7047     		bx	lr
 109              	.L13:
 110              		.align	2
 111              	.L12:
 112 0008 00000000 		.word	USBD_HID_DeviceQualifierDesc
 114              		.section	.text.USBD_HID_Setup,"ax",%progbits
 115              		.align	1
 116              		.syntax unified
 117              		.code	16
 118              		.thumb_func
 120              	USBD_HID_Setup:
 121              		@ args = 0, pretend = 0, frame = 8
 122              		@ frame_needed = 0, uses_anonymous_args = 0
 123 0000 70B5     		push	{r4, r5, r6, lr}
 124 0002 82B0     		sub	sp, sp, #8
 125 0004 AE23     		movs	r3, #174
ARM GAS  /tmp/ccJZqEZh.s 			page 3


 126 0006 9B00     		lsls	r3, r3, #2
 127 0008 C558     		ldr	r5, [r0, r3]
 128 000a 6B46     		mov	r3, sp
 129 000c 0022     		movs	r2, #0
 130 000e DA80     		strh	r2, [r3, #6]
 131 0010 0B78     		ldrb	r3, [r1]
 132 0012 6032     		adds	r2, r2, #96
 133 0014 1400     		movs	r4, r2
 134 0016 1C40     		ands	r4, r3
 135 0018 1A42     		tst	r2, r3
 136 001a 24D0     		beq	.L15
 137 001c 202C     		cmp	r4, #32
 138 001e 77D1     		bne	.L16
 139 0020 4B78     		ldrb	r3, [r1, #1]
 140 0022 0A2B     		cmp	r3, #10
 141 0024 10D0     		beq	.L17
 142 0026 09D8     		bhi	.L18
 143 0028 022B     		cmp	r3, #2
 144 002a 12D0     		beq	.L19
 145 002c 032B     		cmp	r3, #3
 146 002e 16D1     		bne	.L21
 147 0030 0122     		movs	r2, #1
 148 0032 2900     		movs	r1, r5
 149 0034 FFF7FEFF 		bl	USBD_CtlSendData
 150 0038 0024     		movs	r4, #0
 151 003a 6CE0     		b	.L22
 152              	.L18:
 153 003c 0B2B     		cmp	r3, #11
 154 003e 0ED1     		bne	.L21
 155 0040 8B78     		ldrb	r3, [r1, #2]
 156 0042 2B60     		str	r3, [r5]
 157 0044 0024     		movs	r4, #0
 158 0046 66E0     		b	.L22
 159              	.L17:
 160 0048 4B88     		ldrh	r3, [r1, #2]
 161 004a 1B0A     		lsrs	r3, r3, #8
 162 004c 6B60     		str	r3, [r5, #4]
 163 004e 0024     		movs	r4, #0
 164 0050 61E0     		b	.L22
 165              	.L19:
 166 0052 291D     		adds	r1, r5, #4
 167 0054 0122     		movs	r2, #1
 168 0056 FFF7FEFF 		bl	USBD_CtlSendData
 169 005a 0024     		movs	r4, #0
 170 005c 5BE0     		b	.L22
 171              	.L21:
 172 005e FFF7FEFF 		bl	USBD_CtlError
 173 0062 0224     		movs	r4, #2
 174 0064 57E0     		b	.L22
 175              	.L15:
 176 0066 4E78     		ldrb	r6, [r1, #1]
 177 0068 0A2E     		cmp	r6, #10
 178 006a 3AD0     		beq	.L23
 179 006c 13D8     		bhi	.L24
 180 006e 002E     		cmp	r6, #0
 181 0070 1BD0     		beq	.L25
 182 0072 062E     		cmp	r6, #6
ARM GAS  /tmp/ccJZqEZh.s 			page 4


 183 0074 48D1     		bne	.L27
 184 0076 4B88     		ldrh	r3, [r1, #2]
 185 0078 1B0A     		lsrs	r3, r3, #8
 186 007a 222B     		cmp	r3, #34
 187 007c 25D0     		beq	.L37
 188 007e 212B     		cmp	r3, #33
 189 0080 2BD1     		bne	.L33
 190 0082 CB88     		ldrh	r3, [r1, #6]
 191 0084 1A1C     		adds	r2, r3, #0
 192 0086 092B     		cmp	r3, #9
 193 0088 00D9     		bls	.L34
 194 008a 0922     		movs	r2, #9
 195              	.L34:
 196 008c 92B2     		uxth	r2, r2
 197 008e 2349     		ldr	r1, .L40
 198              	.L32:
 199 0090 FFF7FEFF 		bl	USBD_CtlSendData
 200 0094 3FE0     		b	.L22
 201              	.L24:
 202 0096 0B2E     		cmp	r6, #11
 203 0098 36D1     		bne	.L27
 204 009a A723     		movs	r3, #167
 205 009c 9B00     		lsls	r3, r3, #2
 206 009e C35C     		ldrb	r3, [r0, r3]
 207 00a0 032B     		cmp	r3, #3
 208 00a2 2DD1     		bne	.L36
 209 00a4 8B78     		ldrb	r3, [r1, #2]
 210 00a6 AB60     		str	r3, [r5, #8]
 211 00a8 35E0     		b	.L22
 212              	.L25:
 213 00aa A723     		movs	r3, #167
 214 00ac 9B00     		lsls	r3, r3, #2
 215 00ae C35C     		ldrb	r3, [r0, r3]
 216 00b0 032B     		cmp	r3, #3
 217 00b2 03D0     		beq	.L38
 218 00b4 FFF7FEFF 		bl	USBD_CtlError
 219 00b8 0224     		movs	r4, #2
 220 00ba 2CE0     		b	.L22
 221              	.L38:
 222 00bc 0222     		movs	r2, #2
 223 00be 6B46     		mov	r3, sp
 224 00c0 991D     		adds	r1, r3, #6
 225 00c2 FFF7FEFF 		bl	USBD_CtlSendData
 226 00c6 3400     		movs	r4, r6
 227 00c8 25E0     		b	.L22
 228              	.L37:
 229 00ca CB88     		ldrh	r3, [r1, #6]
 230 00cc 1A1C     		adds	r2, r3, #0
 231 00ce 2D2B     		cmp	r3, #45
 232 00d0 00D9     		bls	.L31
 233 00d2 2D22     		movs	r2, #45
 234              	.L31:
 235 00d4 92B2     		uxth	r2, r2
 236 00d6 1249     		ldr	r1, .L40+4
 237 00d8 DAE7     		b	.L32
 238              	.L33:
 239 00da FFF7FEFF 		bl	USBD_CtlError
ARM GAS  /tmp/ccJZqEZh.s 			page 5


 240 00de 0224     		movs	r4, #2
 241 00e0 19E0     		b	.L22
 242              	.L23:
 243 00e2 A723     		movs	r3, #167
 244 00e4 9B00     		lsls	r3, r3, #2
 245 00e6 C35C     		ldrb	r3, [r0, r3]
 246 00e8 032B     		cmp	r3, #3
 247 00ea 03D0     		beq	.L39
 248 00ec FFF7FEFF 		bl	USBD_CtlError
 249 00f0 0224     		movs	r4, #2
 250 00f2 10E0     		b	.L22
 251              	.L39:
 252 00f4 2900     		movs	r1, r5
 253 00f6 0831     		adds	r1, r1, #8
 254 00f8 0122     		movs	r2, #1
 255 00fa FFF7FEFF 		bl	USBD_CtlSendData
 256 00fe 0AE0     		b	.L22
 257              	.L36:
 258 0100 FFF7FEFF 		bl	USBD_CtlError
 259 0104 0224     		movs	r4, #2
 260 0106 06E0     		b	.L22
 261              	.L27:
 262 0108 FFF7FEFF 		bl	USBD_CtlError
 263 010c 0224     		movs	r4, #2
 264 010e 02E0     		b	.L22
 265              	.L16:
 266 0110 FFF7FEFF 		bl	USBD_CtlError
 267 0114 0224     		movs	r4, #2
 268              	.L22:
 269 0116 2000     		movs	r0, r4
 270 0118 02B0     		add	sp, sp, #8
 271              		@ sp needed
 272 011a 70BD     		pop	{r4, r5, r6, pc}
 273              	.L41:
 274              		.align	2
 275              	.L40:
 276 011c 00000000 		.word	USBD_HID_Desc
 277 0120 00000000 		.word	HID_MOUSE_ReportDesc
 279              		.section	.text.USBD_HID_DeInit,"ax",%progbits
 280              		.align	1
 281              		.syntax unified
 282              		.code	16
 283              		.thumb_func
 285              	USBD_HID_DeInit:
 286              		@ args = 0, pretend = 0, frame = 0
 287              		@ frame_needed = 0, uses_anonymous_args = 0
 288 0000 10B5     		push	{r4, lr}
 289 0002 0400     		movs	r4, r0
 290 0004 8121     		movs	r1, #129
 291 0006 FFF7FEFF 		bl	USBD_LL_CloseEP
 292 000a 0023     		movs	r3, #0
 293 000c E362     		str	r3, [r4, #44]
 294 000e AE23     		movs	r3, #174
 295 0010 9B00     		lsls	r3, r3, #2
 296 0012 E058     		ldr	r0, [r4, r3]
 297 0014 0028     		cmp	r0, #0
 298 0016 05D0     		beq	.L43
ARM GAS  /tmp/ccJZqEZh.s 			page 6


 299 0018 FFF7FEFF 		bl	USBD_static_free
 300 001c AE23     		movs	r3, #174
 301 001e 9B00     		lsls	r3, r3, #2
 302 0020 0022     		movs	r2, #0
 303 0022 E250     		str	r2, [r4, r3]
 304              	.L43:
 305 0024 0020     		movs	r0, #0
 306              		@ sp needed
 307 0026 10BD     		pop	{r4, pc}
 309              		.section	.text.USBD_HID_Init,"ax",%progbits
 310              		.align	1
 311              		.syntax unified
 312              		.code	16
 313              		.thumb_func
 315              	USBD_HID_Init:
 316              		@ args = 0, pretend = 0, frame = 0
 317              		@ frame_needed = 0, uses_anonymous_args = 0
 318 0000 10B5     		push	{r4, lr}
 319 0002 0400     		movs	r4, r0
 320 0004 0E23     		movs	r3, #14
 321 0006 0322     		movs	r2, #3
 322 0008 8121     		movs	r1, #129
 323 000a FFF7FEFF 		bl	USBD_LL_OpenEP
 324 000e 0123     		movs	r3, #1
 325 0010 E362     		str	r3, [r4, #44]
 326 0012 1020     		movs	r0, #16
 327 0014 FFF7FEFF 		bl	USBD_static_malloc
 328 0018 AE23     		movs	r3, #174
 329 001a 9B00     		lsls	r3, r3, #2
 330 001c E050     		str	r0, [r4, r3]
 331 001e 0028     		cmp	r0, #0
 332 0020 03D0     		beq	.L46
 333 0022 0023     		movs	r3, #0
 334 0024 0373     		strb	r3, [r0, #12]
 335 0026 0020     		movs	r0, #0
 336              	.L45:
 337              		@ sp needed
 338 0028 10BD     		pop	{r4, pc}
 339              	.L46:
 340 002a 0220     		movs	r0, #2
 341 002c FCE7     		b	.L45
 343              		.section	.text.USBD_HID_SendReport,"ax",%progbits
 344              		.align	1
 345              		.global	USBD_HID_SendReport
 346              		.syntax unified
 347              		.code	16
 348              		.thumb_func
 350              	USBD_HID_SendReport:
 351              		@ args = 0, pretend = 0, frame = 0
 352              		@ frame_needed = 0, uses_anonymous_args = 0
 353 0000 10B5     		push	{r4, lr}
 354 0002 AE24     		movs	r4, #174
 355 0004 A400     		lsls	r4, r4, #2
 356 0006 0359     		ldr	r3, [r0, r4]
 357 0008 1C3C     		subs	r4, r4, #28
 358 000a 045D     		ldrb	r4, [r0, r4]
 359 000c 032C     		cmp	r4, #3
ARM GAS  /tmp/ccJZqEZh.s 			page 7


 360 000e 01D0     		beq	.L49
 361              	.L48:
 362 0010 0020     		movs	r0, #0
 363              		@ sp needed
 364 0012 10BD     		pop	{r4, pc}
 365              	.L49:
 366 0014 1C7B     		ldrb	r4, [r3, #12]
 367 0016 002C     		cmp	r4, #0
 368 0018 FAD1     		bne	.L48
 369 001a 0134     		adds	r4, r4, #1
 370 001c 1C73     		strb	r4, [r3, #12]
 371 001e 1300     		movs	r3, r2
 372 0020 0A00     		movs	r2, r1
 373 0022 8121     		movs	r1, #129
 374 0024 FFF7FEFF 		bl	USBD_LL_Transmit
 375 0028 F2E7     		b	.L48
 377              		.section	.text.USBD_HID_GetPollingInterval,"ax",%progbits
 378              		.align	1
 379              		.global	USBD_HID_GetPollingInterval
 380              		.syntax unified
 381              		.code	16
 382              		.thumb_func
 384              	USBD_HID_GetPollingInterval:
 385              		@ args = 0, pretend = 0, frame = 0
 386              		@ frame_needed = 0, uses_anonymous_args = 0
 387              		@ link register save eliminated.
 388 0000 037C     		ldrb	r3, [r0, #16]
 389 0002 002B     		cmp	r3, #0
 390 0004 01D1     		bne	.L52
 391 0006 0820     		movs	r0, #8
 392              	.L50:
 393              		@ sp needed
 394 0008 7047     		bx	lr
 395              	.L52:
 396 000a 0A20     		movs	r0, #10
 397 000c FCE7     		b	.L50
 399              		.section	.data.HID_MOUSE_ReportDesc,"aw"
 400              		.align	2
 403              	HID_MOUSE_ReportDesc:
 404 0000 05010906 		.ascii	"\005\001\011\006\241\001\005\007\031\340)\347\025\000"
 404      A1010507 
 404      19E029E7 
 404      1500
 405 000e 25017501 		.ascii	"%\001u\001\225\010\201\002u\010\225\001\201\001\005"
 405      95088102 
 405      75089501 
 405      810105
 406 001d 07190429 		.ascii	"\007\031\004)c\025\000%\001u\001\225`\201\002\300"
 406      63150025 
 406      01750195 
 406      608102C0 
 407              		.section	.data.USBD_HID_DeviceQualifierDesc,"aw"
 408              		.align	2
 411              	USBD_HID_DeviceQualifierDesc:
 412 0000 0A060002 		.ascii	"\012\006\000\002\000\000\000@\001\000"
 412      00000040 
 412      0100
ARM GAS  /tmp/ccJZqEZh.s 			page 8


 413              		.section	.data.USBD_HID_Desc,"aw"
 414              		.align	2
 417              	USBD_HID_Desc:
 418 0000 09211101 		.ascii	"\011!\021\001\000\001\"-\000"
 418      0001222D 
 418      00
 419              		.section	.data.USBD_HID_OtherSpeedCfgDesc,"aw"
 420              		.align	2
 423              	USBD_HID_OtherSpeedCfgDesc:
 424 0000 09022200 		.ascii	"\011\002\"\000\001\001\000\3402\011\004\000\000\001"
 424      010100E0 
 424      32090400 
 424      0001
 425 000e 03010200 		.ascii	"\003\001\002\000\011!\021\001\000\001\"-\000\007\005"
 425      09211101 
 425      0001222D 
 425      000705
 426 001d 81030E00 		.ascii	"\201\003\016\000\012"
 426      0A
 427              		.section	.data.USBD_HID_CfgHSDesc,"aw"
 428              		.align	2
 431              	USBD_HID_CfgHSDesc:
 432 0000 09022200 		.ascii	"\011\002\"\000\001\001\000\3402\011\004\000\000\001"
 432      010100E0 
 432      32090400 
 432      0001
 433 000e 03010000 		.ascii	"\003\001\000\000\011!\021\001\000\001\"-\000\007\005"
 433      09211101 
 433      0001222D 
 433      000705
 434 001d 81030E00 		.ascii	"\201\003\016\000\007"
 434      07
 435              		.section	.data.USBD_HID_CfgFSDesc,"aw"
 436              		.align	2
 439              	USBD_HID_CfgFSDesc:
 440 0000 09022200 		.ascii	"\011\002\"\000\001\001\000\3402\011\004\000\000\001"
 440      010100E0 
 440      32090400 
 440      0001
 441 000e 03000000 		.ascii	"\003\000\000\000\011!\021\001\000\001\"-\000\007\005"
 441      09211101 
 441      0001222D 
 441      000705
 442 001d 81030E00 		.ascii	"\201\003\016\000\012"
 442      0A
 443              		.global	USBD_HID
 444              		.section	.data.USBD_HID,"aw"
 445              		.align	2
 448              	USBD_HID:
 449 0000 00000000 		.word	USBD_HID_Init
 450 0004 00000000 		.word	USBD_HID_DeInit
 451 0008 00000000 		.word	USBD_HID_Setup
 452 000c 00000000 		.word	0
 453 0010 00000000 		.word	0
 454 0014 00000000 		.word	USBD_HID_DataIn
 455 0018 00000000 		.word	0
 456 001c 00000000 		.word	0
ARM GAS  /tmp/ccJZqEZh.s 			page 9


 457 0020 00000000 		.word	0
 458 0024 00000000 		.word	0
 459 0028 00000000 		.word	USBD_HID_GetHSCfgDesc
 460 002c 00000000 		.word	USBD_HID_GetFSCfgDesc
 461 0030 00000000 		.word	USBD_HID_GetOtherSpeedCfgDesc
 462 0034 00000000 		.word	USBD_HID_GetDeviceQualifierDesc
 463              		.ident	"GCC: (Arch Repository) 14.2.0"
ARM GAS  /tmp/ccJZqEZh.s 			page 10


DEFINED SYMBOLS
                            *ABS*:00000000 usbd_hid.c
     /tmp/ccJZqEZh.s:16     .text.USBD_HID_GetFSCfgDesc:00000000 $t
     /tmp/ccJZqEZh.s:21     .text.USBD_HID_GetFSCfgDesc:00000000 USBD_HID_GetFSCfgDesc
     /tmp/ccJZqEZh.s:33     .text.USBD_HID_GetFSCfgDesc:00000008 $d
     /tmp/ccJZqEZh.s:439    .data.USBD_HID_CfgFSDesc:00000000 USBD_HID_CfgFSDesc
     /tmp/ccJZqEZh.s:36     .text.USBD_HID_GetHSCfgDesc:00000000 $t
     /tmp/ccJZqEZh.s:41     .text.USBD_HID_GetHSCfgDesc:00000000 USBD_HID_GetHSCfgDesc
     /tmp/ccJZqEZh.s:53     .text.USBD_HID_GetHSCfgDesc:00000008 $d
     /tmp/ccJZqEZh.s:431    .data.USBD_HID_CfgHSDesc:00000000 USBD_HID_CfgHSDesc
     /tmp/ccJZqEZh.s:56     .text.USBD_HID_GetOtherSpeedCfgDesc:00000000 $t
     /tmp/ccJZqEZh.s:61     .text.USBD_HID_GetOtherSpeedCfgDesc:00000000 USBD_HID_GetOtherSpeedCfgDesc
     /tmp/ccJZqEZh.s:73     .text.USBD_HID_GetOtherSpeedCfgDesc:00000008 $d
     /tmp/ccJZqEZh.s:423    .data.USBD_HID_OtherSpeedCfgDesc:00000000 USBD_HID_OtherSpeedCfgDesc
     /tmp/ccJZqEZh.s:76     .text.USBD_HID_DataIn:00000000 $t
     /tmp/ccJZqEZh.s:81     .text.USBD_HID_DataIn:00000000 USBD_HID_DataIn
     /tmp/ccJZqEZh.s:95     .text.USBD_HID_GetDeviceQualifierDesc:00000000 $t
     /tmp/ccJZqEZh.s:100    .text.USBD_HID_GetDeviceQualifierDesc:00000000 USBD_HID_GetDeviceQualifierDesc
     /tmp/ccJZqEZh.s:112    .text.USBD_HID_GetDeviceQualifierDesc:00000008 $d
     /tmp/ccJZqEZh.s:411    .data.USBD_HID_DeviceQualifierDesc:00000000 USBD_HID_DeviceQualifierDesc
     /tmp/ccJZqEZh.s:115    .text.USBD_HID_Setup:00000000 $t
     /tmp/ccJZqEZh.s:120    .text.USBD_HID_Setup:00000000 USBD_HID_Setup
     /tmp/ccJZqEZh.s:276    .text.USBD_HID_Setup:0000011c $d
     /tmp/ccJZqEZh.s:417    .data.USBD_HID_Desc:00000000 USBD_HID_Desc
     /tmp/ccJZqEZh.s:403    .data.HID_MOUSE_ReportDesc:00000000 HID_MOUSE_ReportDesc
     /tmp/ccJZqEZh.s:280    .text.USBD_HID_DeInit:00000000 $t
     /tmp/ccJZqEZh.s:285    .text.USBD_HID_DeInit:00000000 USBD_HID_DeInit
     /tmp/ccJZqEZh.s:310    .text.USBD_HID_Init:00000000 $t
     /tmp/ccJZqEZh.s:315    .text.USBD_HID_Init:00000000 USBD_HID_Init
     /tmp/ccJZqEZh.s:344    .text.USBD_HID_SendReport:00000000 $t
     /tmp/ccJZqEZh.s:350    .text.USBD_HID_SendReport:00000000 USBD_HID_SendReport
     /tmp/ccJZqEZh.s:378    .text.USBD_HID_GetPollingInterval:00000000 $t
     /tmp/ccJZqEZh.s:384    .text.USBD_HID_GetPollingInterval:00000000 USBD_HID_GetPollingInterval
     /tmp/ccJZqEZh.s:400    .data.HID_MOUSE_ReportDesc:00000000 $d
     /tmp/ccJZqEZh.s:408    .data.USBD_HID_DeviceQualifierDesc:00000000 $d
     /tmp/ccJZqEZh.s:414    .data.USBD_HID_Desc:00000000 $d
     /tmp/ccJZqEZh.s:420    .data.USBD_HID_OtherSpeedCfgDesc:00000000 $d
     /tmp/ccJZqEZh.s:428    .data.USBD_HID_CfgHSDesc:00000000 $d
     /tmp/ccJZqEZh.s:436    .data.USBD_HID_CfgFSDesc:00000000 $d
     /tmp/ccJZqEZh.s:448    .data.USBD_HID:00000000 USBD_HID
     /tmp/ccJZqEZh.s:445    .data.USBD_HID:00000000 $d

UNDEFINED SYMBOLS
USBD_CtlSendData
USBD_CtlError
USBD_LL_CloseEP
USBD_static_free
USBD_LL_OpenEP
USBD_static_malloc
USBD_LL_Transmit
